This file contains any messages produced by compilers while
running configure, to aid debugging if configure makes a mistake.

It was created by gaol configure "4.2.1", which was
generated by GNU Autoconf 2.69.  Invocation command line was

  $ ./configure 

## --------- ##
## Platform. ##
## --------- ##

hostname = prot-goualard
uname -m = x86_64
uname -r = 4.4.0-21-generic
uname -s = Linux
uname -v = #37-Ubuntu SMP Mon Apr 18 18:33:37 UTC 2016

/usr/bin/uname -p = unknown
/bin/uname -X     = unknown

/bin/arch              = unknown
/usr/bin/arch -k       = unknown
/usr/convex/getsysinfo = unknown
/usr/bin/hostinfo      = unknown
/bin/machine           = unknown
/usr/bin/oslevel       = unknown
/bin/universe          = unknown

PATH: .
PATH: /home/goualard/local/bin
PATH: /usr/local/bin
PATH: /usr/bin
PATH: /bin


## ----------- ##
## Core tests. ##
## ----------- ##

configure:2847: checking for a BSD-compatible install
configure:2915: result: /usr/bin/install -c
configure:2926: checking whether build environment is sane
configure:2981: result: yes
configure:3132: checking for a thread-safe mkdir -p
configure:3171: result: /bin/mkdir -p
configure:3178: checking for gawk
configure:3194: found /usr/bin/gawk
configure:3205: result: gawk
configure:3216: checking whether make sets $(MAKE)
configure:3238: result: yes
configure:3267: checking whether make supports nested variables
configure:3284: result: yes
configure:3412: checking whether to enable maintainer-specific portions of Makefiles
configure:3421: result: no
configure:3505: checking build system type
configure:3519: result: x86_64-unknown-linux-gnu
configure:3539: checking host system type
configure:3552: result: x86_64-unknown-linux-gnu
configure:3593: checking how to print strings
configure:3620: result: printf
configure:3653: checking for style of include used by make
configure:3681: result: GNU
configure:3752: checking for gcc
configure:3768: found /home/goualard/local/bin/gcc
configure:3779: result: gcc
configure:4008: checking for C compiler version
configure:4017: gcc --version >&5
gcc (GCC) 6.1.0
Copyright (C) 2016 Free Software Foundation, Inc.
This is free software; see the source for copying conditions.  There is NO
warranty; not even for MERCHANTABILITY or FITNESS FOR A PARTICULAR PURPOSE.

configure:4028: $? = 0
configure:4017: gcc -v >&5
Using built-in specs.
COLLECT_GCC=gcc
COLLECT_LTO_WRAPPER=/home/goualard/local/libexec/gcc/x86_64-pc-linux-gnu/6.1.0/lto-wrapper
Target: x86_64-pc-linux-gnu
Configured with: ../gcc-6.1.0/configure --enable-languages=c,c++,fortran --prefix=/home/goualard/local --with-multilib-list=m32,m64,mx32
Thread model: posix
gcc version 6.1.0 (GCC) 
configure:4028: $? = 0
configure:4017: gcc -V >&5
gcc: error: unrecognized command line option '-V'
gcc: fatal error: no input files
compilation terminated.
configure:4028: $? = 1
configure:4017: gcc -qversion >&5
gcc: error: unrecognized command line option '-qversion'; did you mean '--version'?
gcc: fatal error: no input files
compilation terminated.
configure:4028: $? = 1
configure:4048: checking whether the C compiler works
configure:4070: gcc    conftest.c  >&5
configure:4074: $? = 0
configure:4122: result: yes
configure:4125: checking for C compiler default output file name
configure:4127: result: a.out
configure:4133: checking for suffix of executables
configure:4140: gcc -o conftest    conftest.c  >&5
configure:4144: $? = 0
configure:4166: result: 
configure:4188: checking whether we are cross compiling
configure:4196: gcc -o conftest    conftest.c  >&5
configure:4200: $? = 0
configure:4207: ./conftest
configure:4211: $? = 0
configure:4226: result: no
configure:4231: checking for suffix of object files
configure:4253: gcc -c   conftest.c >&5
configure:4257: $? = 0
configure:4278: result: o
configure:4282: checking whether we are using the GNU C compiler
configure:4301: gcc -c   conftest.c >&5
configure:4301: $? = 0
configure:4310: result: yes
configure:4319: checking whether gcc accepts -g
configure:4339: gcc -c -g  conftest.c >&5
configure:4339: $? = 0
configure:4380: result: yes
configure:4397: checking for gcc option to accept ISO C89
configure:4460: gcc  -c -g -O2  conftest.c >&5
configure:4460: $? = 0
configure:4473: result: none needed
configure:4498: checking whether gcc understands -c and -o together
configure:4520: gcc -c conftest.c -o conftest2.o
configure:4523: $? = 0
configure:4520: gcc -c conftest.c -o conftest2.o
configure:4523: $? = 0
configure:4535: result: yes
configure:4554: checking dependency style of gcc
configure:4665: result: gcc3
configure:4680: checking for a sed that does not truncate output
configure:4744: result: /bin/sed
configure:4762: checking for grep that handles long lines and -e
configure:4820: result: /bin/grep
configure:4825: checking for egrep
configure:4887: result: /bin/grep -E
configure:4892: checking for fgrep
configure:4954: result: /bin/grep -F
configure:4989: checking for ld used by gcc
configure:5056: result: /usr/bin/ld
configure:5063: checking if the linker (/usr/bin/ld) is GNU ld
configure:5078: result: yes
configure:5090: checking for BSD- or MS-compatible name lister (nm)
configure:5139: result: /usr/bin/nm -B
configure:5269: checking the name lister (/usr/bin/nm -B) interface
configure:5276: gcc -c -g -O2  conftest.c >&5
configure:5279: /usr/bin/nm -B "conftest.o"
configure:5282: output
0000000000000000 B some_variable
configure:5289: result: BSD nm
configure:5292: checking whether ln -s works
configure:5296: result: yes
configure:5304: checking the maximum length of command line arguments
configure:5435: result: 1572864
configure:5452: checking whether the shell understands some XSI constructs
configure:5462: result: yes
configure:5466: checking whether the shell understands "+="
configure:5472: result: yes
configure:5507: checking how to convert x86_64-unknown-linux-gnu file names to x86_64-unknown-linux-gnu format
configure:5547: result: func_convert_file_noop
configure:5554: checking how to convert x86_64-unknown-linux-gnu file names to toolchain format
configure:5574: result: func_convert_file_noop
configure:5581: checking for /usr/bin/ld option to reload object files
configure:5588: result: -r
configure:5662: checking for objdump
configure:5678: found /usr/bin/objdump
configure:5689: result: objdump
configure:5721: checking how to recognize dependent libraries
configure:5919: result: pass_all
configure:6004: checking for dlltool
configure:6034: result: no
configure:6064: checking how to associate runtime and link libraries
configure:6091: result: printf %s\n
configure:6152: checking for ar
configure:6168: found /usr/bin/ar
configure:6179: result: ar
configure:6216: checking for archiver @FILE support
configure:6233: gcc -c -g -O2  conftest.c >&5
configure:6233: $? = 0
configure:6236: ar cru libconftest.a @conftest.lst >&5
ar: `u' modifier ignored since `D' is the default (see `U')
configure:6239: $? = 0
configure:6244: ar cru libconftest.a @conftest.lst >&5
ar: `u' modifier ignored since `D' is the default (see `U')
ar: conftest.o: No such file or directory
configure:6247: $? = 1
configure:6259: result: @
configure:6317: checking for strip
configure:6333: found /usr/bin/strip
configure:6344: result: strip
configure:6416: checking for ranlib
configure:6432: found /usr/bin/ranlib
configure:6443: result: ranlib
configure:6545: checking command to parse /usr/bin/nm -B output from gcc object
configure:6665: gcc -c -g -O2  conftest.c >&5
configure:6668: $? = 0
configure:6672: /usr/bin/nm -B conftest.o \| sed -n -e 's/^.*[ ]\([ABCDGIRSTW][ABCDGIRSTW]*\)[ ][ ]*\([_A-Za-z][_A-Za-z0-9]*\)$/\1 \2 \2/p' | sed '/ __gnu_lto/d' \> conftest.nm
configure:6675: $? = 0
configure:6741: gcc -o conftest -g -O2   conftest.c conftstm.o >&5
configure:6744: $? = 0
configure:6782: result: ok
configure:6819: checking for sysroot
configure:6849: result: no
configure:6926: gcc -c -g -O2  conftest.c >&5
configure:6929: $? = 0
configure:7112: checking for mt
configure:7128: found /bin/mt
configure:7139: result: mt
configure:7162: checking if mt is a manifest tool
configure:7168: mt '-?'
configure:7176: result: no
configure:7818: checking how to run the C preprocessor
configure:7849: gcc -E  conftest.c
configure:7849: $? = 0
configure:7863: gcc -E  conftest.c
conftest.c:15:28: fatal error: ac_nonexistent.h: No such file or directory
 #include <ac_nonexistent.h>
                            ^
compilation terminated.
configure:7863: $? = 1
configure: failed program was:
| /* confdefs.h */
| #define PACKAGE_NAME "gaol"
| #define PACKAGE_TARNAME "gaol"
| #define PACKAGE_VERSION ""4.2.1""
| #define PACKAGE_STRING "gaol "4.2.1""
| #define PACKAGE_BUGREPORT "goualard@users.sourceforge.net"
| #define PACKAGE_URL ""
| #define PACKAGE "gaol"
| #define VERSION ""4.2.1""
| #define GAOL_MAJOR_VERSION 4
| #define GAOL_MINOR_VERSION 2
| #define GAOL_MICRO_VERSION 1
| #define GAOL_VERSION "4.2.1"
| /* end confdefs.h.  */
| #include <ac_nonexistent.h>
configure:7888: result: gcc -E
configure:7908: gcc -E  conftest.c
configure:7908: $? = 0
configure:7922: gcc -E  conftest.c
conftest.c:15:28: fatal error: ac_nonexistent.h: No such file or directory
 #include <ac_nonexistent.h>
                            ^
compilation terminated.
configure:7922: $? = 1
configure: failed program was:
| /* confdefs.h */
| #define PACKAGE_NAME "gaol"
| #define PACKAGE_TARNAME "gaol"
| #define PACKAGE_VERSION ""4.2.1""
| #define PACKAGE_STRING "gaol "4.2.1""
| #define PACKAGE_BUGREPORT "goualard@users.sourceforge.net"
| #define PACKAGE_URL ""
| #define PACKAGE "gaol"
| #define VERSION ""4.2.1""
| #define GAOL_MAJOR_VERSION 4
| #define GAOL_MINOR_VERSION 2
| #define GAOL_MICRO_VERSION 1
| #define GAOL_VERSION "4.2.1"
| /* end confdefs.h.  */
| #include <ac_nonexistent.h>
configure:7951: checking for ANSI C header files
configure:7971: gcc -c -g -O2  conftest.c >&5
configure:7971: $? = 0
configure:8044: gcc -o conftest -g -O2   conftest.c  >&5
configure:8044: $? = 0
configure:8044: ./conftest
configure:8044: $? = 0
configure:8055: result: yes
configure:8068: checking for sys/types.h
configure:8068: gcc -c -g -O2  conftest.c >&5
configure:8068: $? = 0
configure:8068: result: yes
configure:8068: checking for sys/stat.h
configure:8068: gcc -c -g -O2  conftest.c >&5
configure:8068: $? = 0
configure:8068: result: yes
configure:8068: checking for stdlib.h
configure:8068: gcc -c -g -O2  conftest.c >&5
configure:8068: $? = 0
configure:8068: result: yes
configure:8068: checking for string.h
configure:8068: gcc -c -g -O2  conftest.c >&5
configure:8068: $? = 0
configure:8068: result: yes
configure:8068: checking for memory.h
configure:8068: gcc -c -g -O2  conftest.c >&5
configure:8068: $? = 0
configure:8068: result: yes
configure:8068: checking for strings.h
configure:8068: gcc -c -g -O2  conftest.c >&5
configure:8068: $? = 0
configure:8068: result: yes
configure:8068: checking for inttypes.h
configure:8068: gcc -c -g -O2  conftest.c >&5
configure:8068: $? = 0
configure:8068: result: yes
configure:8068: checking for stdint.h
configure:8068: gcc -c -g -O2  conftest.c >&5
configure:8068: $? = 0
configure:8068: result: yes
configure:8068: checking for unistd.h
configure:8068: gcc -c -g -O2  conftest.c >&5
configure:8068: $? = 0
configure:8068: result: yes
configure:8082: checking for dlfcn.h
configure:8082: gcc -c -g -O2  conftest.c >&5
configure:8082: $? = 0
configure:8082: result: yes
configure:8287: checking for objdir
configure:8302: result: .libs
configure:8573: checking if gcc supports -fno-rtti -fno-exceptions
configure:8591: gcc -c -g -O2  -fno-rtti -fno-exceptions conftest.c >&5
cc1: warning: command line option '-fno-rtti' is valid for C++/ObjC++ but not for C
configure:8595: $? = 0
configure:8608: result: no
configure:8935: checking for gcc option to produce PIC
configure:8942: result: -fPIC -DPIC
configure:8950: checking if gcc PIC flag -fPIC -DPIC works
configure:8968: gcc -c -g -O2  -fPIC -DPIC -DPIC conftest.c >&5
configure:8972: $? = 0
configure:8985: result: yes
configure:9014: checking if gcc static flag -static works
configure:9042: result: yes
configure:9057: checking if gcc supports -c -o file.o
configure:9078: gcc -c -g -O2  -o out/conftest2.o conftest.c >&5
configure:9082: $? = 0
configure:9104: result: yes
configure:9112: checking if gcc supports -c -o file.o
configure:9159: result: yes
configure:9192: checking whether the gcc linker (/usr/bin/ld -m elf_x86_64) supports shared libraries
configure:10349: result: yes
configure:10386: checking whether -lc should be explicitly linked in
configure:10394: gcc -c -g -O2  conftest.c >&5
configure:10397: $? = 0
configure:10412: gcc -shared  -fPIC -DPIC conftest.o  -v -Wl,-soname -Wl,conftest -o conftest 2\>\&1 \| /bin/grep  -lc  \>/dev/null 2\>\&1
configure:10415: $? = 0
configure:10429: result: no
configure:10589: checking dynamic linker characteristics
configure:11089: gcc -o conftest -g -O2   -Wl,-rpath -Wl,/foo conftest.c  >&5
configure:11089: $? = 0
configure:11323: result: GNU/Linux ld.so
configure:11430: checking how to hardcode library paths into programs
configure:11455: result: immediate
configure:11549: checking for shl_load
configure:11549: gcc -o conftest -g -O2   conftest.c  >&5
/tmp/ccvLEjRm.o: In function `main':
/home/goualard/projects/gaol-4/conftest.c:61: undefined reference to `shl_load'
collect2: error: ld returned 1 exit status
configure:11549: $? = 1
configure: failed program was:
| /* confdefs.h */
| #define PACKAGE_NAME "gaol"
| #define PACKAGE_TARNAME "gaol"
| #define PACKAGE_VERSION ""4.2.1""
| #define PACKAGE_STRING "gaol "4.2.1""
| #define PACKAGE_BUGREPORT "goualard@users.sourceforge.net"
| #define PACKAGE_URL ""
| #define PACKAGE "gaol"
| #define VERSION ""4.2.1""
| #define GAOL_MAJOR_VERSION 4
| #define GAOL_MINOR_VERSION 2
| #define GAOL_MICRO_VERSION 1
| #define GAOL_VERSION "4.2.1"
| #define STDC_HEADERS 1
| #define HAVE_SYS_TYPES_H 1
| #define HAVE_SYS_STAT_H 1
| #define HAVE_STDLIB_H 1
| #define HAVE_STRING_H 1
| #define HAVE_MEMORY_H 1
| #define HAVE_STRINGS_H 1
| #define HAVE_INTTYPES_H 1
| #define HAVE_STDINT_H 1
| #define HAVE_UNISTD_H 1
| #define HAVE_DLFCN_H 1
| #define LT_OBJDIR ".libs/"
| /* end confdefs.h.  */
| /* Define shl_load to an innocuous variant, in case <limits.h> declares shl_load.
|    For example, HP-UX 11i <limits.h> declares gettimeofday.  */
| #define shl_load innocuous_shl_load
| 
| /* System header to define __stub macros and hopefully few prototypes,
|     which can conflict with char shl_load (); below.
|     Prefer <limits.h> to <assert.h> if __STDC__ is defined, since
|     <limits.h> exists even on freestanding compilers.  */
| 
| #ifdef __STDC__
| # include <limits.h>
| #else
| # include <assert.h>
| #endif
| 
| #undef shl_load
| 
| /* Override any GCC internal prototype to avoid an error.
|    Use char because int might match the return type of a GCC
|    builtin and then its argument prototype would still apply.  */
| #ifdef __cplusplus
| extern "C"
| #endif
| char shl_load ();
| /* The GNU C library defines this for functions which it implements
|     to always fail with ENOSYS.  Some functions are actually named
|     something starting with __ and the normal name is an alias.  */
| #if defined __stub_shl_load || defined __stub___shl_load
| choke me
| #endif
| 
| int
| main ()
| {
| return shl_load ();
|   ;
|   return 0;
| }
configure:11549: result: no
configure:11553: checking for shl_load in -ldld
configure:11578: gcc -o conftest -g -O2   conftest.c -ldld   >&5
/usr/bin/ld: cannot find -ldld
collect2: error: ld returned 1 exit status
configure:11578: $? = 1
configure: failed program was:
| /* confdefs.h */
| #define PACKAGE_NAME "gaol"
| #define PACKAGE_TARNAME "gaol"
| #define PACKAGE_VERSION ""4.2.1""
| #define PACKAGE_STRING "gaol "4.2.1""
| #define PACKAGE_BUGREPORT "goualard@users.sourceforge.net"
| #define PACKAGE_URL ""
| #define PACKAGE "gaol"
| #define VERSION ""4.2.1""
| #define GAOL_MAJOR_VERSION 4
| #define GAOL_MINOR_VERSION 2
| #define GAOL_MICRO_VERSION 1
| #define GAOL_VERSION "4.2.1"
| #define STDC_HEADERS 1
| #define HAVE_SYS_TYPES_H 1
| #define HAVE_SYS_STAT_H 1
| #define HAVE_STDLIB_H 1
| #define HAVE_STRING_H 1
| #define HAVE_MEMORY_H 1
| #define HAVE_STRINGS_H 1
| #define HAVE_INTTYPES_H 1
| #define HAVE_STDINT_H 1
| #define HAVE_UNISTD_H 1
| #define HAVE_DLFCN_H 1
| #define LT_OBJDIR ".libs/"
| /* end confdefs.h.  */
| 
| /* Override any GCC internal prototype to avoid an error.
|    Use char because int might match the return type of a GCC
|    builtin and then its argument prototype would still apply.  */
| #ifdef __cplusplus
| extern "C"
| #endif
| char shl_load ();
| int
| main ()
| {
| return shl_load ();
|   ;
|   return 0;
| }
configure:11587: result: no
configure:11592: checking for dlopen
configure:11592: gcc -o conftest -g -O2   conftest.c  >&5
/tmp/ccsp26Sx.o: In function `main':
/home/goualard/projects/gaol-4/conftest.c:61: undefined reference to `dlopen'
collect2: error: ld returned 1 exit status
configure:11592: $? = 1
configure: failed program was:
| /* confdefs.h */
| #define PACKAGE_NAME "gaol"
| #define PACKAGE_TARNAME "gaol"
| #define PACKAGE_VERSION ""4.2.1""
| #define PACKAGE_STRING "gaol "4.2.1""
| #define PACKAGE_BUGREPORT "goualard@users.sourceforge.net"
| #define PACKAGE_URL ""
| #define PACKAGE "gaol"
| #define VERSION ""4.2.1""
| #define GAOL_MAJOR_VERSION 4
| #define GAOL_MINOR_VERSION 2
| #define GAOL_MICRO_VERSION 1
| #define GAOL_VERSION "4.2.1"
| #define STDC_HEADERS 1
| #define HAVE_SYS_TYPES_H 1
| #define HAVE_SYS_STAT_H 1
| #define HAVE_STDLIB_H 1
| #define HAVE_STRING_H 1
| #define HAVE_MEMORY_H 1
| #define HAVE_STRINGS_H 1
| #define HAVE_INTTYPES_H 1
| #define HAVE_STDINT_H 1
| #define HAVE_UNISTD_H 1
| #define HAVE_DLFCN_H 1
| #define LT_OBJDIR ".libs/"
| /* end confdefs.h.  */
| /* Define dlopen to an innocuous variant, in case <limits.h> declares dlopen.
|    For example, HP-UX 11i <limits.h> declares gettimeofday.  */
| #define dlopen innocuous_dlopen
| 
| /* System header to define __stub macros and hopefully few prototypes,
|     which can conflict with char dlopen (); below.
|     Prefer <limits.h> to <assert.h> if __STDC__ is defined, since
|     <limits.h> exists even on freestanding compilers.  */
| 
| #ifdef __STDC__
| # include <limits.h>
| #else
| # include <assert.h>
| #endif
| 
| #undef dlopen
| 
| /* Override any GCC internal prototype to avoid an error.
|    Use char because int might match the return type of a GCC
|    builtin and then its argument prototype would still apply.  */
| #ifdef __cplusplus
| extern "C"
| #endif
| char dlopen ();
| /* The GNU C library defines this for functions which it implements
|     to always fail with ENOSYS.  Some functions are actually named
|     something starting with __ and the normal name is an alias.  */
| #if defined __stub_dlopen || defined __stub___dlopen
| choke me
| #endif
| 
| int
| main ()
| {
| return dlopen ();
|   ;
|   return 0;
| }
configure:11592: result: no
configure:11596: checking for dlopen in -ldl
configure:11621: gcc -o conftest -g -O2   conftest.c -ldl   >&5
configure:11621: $? = 0
configure:11630: result: yes
configure:11749: checking whether a program can dlopen itself
configure:11829: gcc -o conftest -g -O2  -DHAVE_DLFCN_H  -Wl,--export-dynamic conftest.c -ldl  >&5
configure:11832: $? = 0
configure:11850: result: yes
configure:11855: checking whether a statically linked program can dlopen itself
configure:11935: gcc -o conftest -g -O2  -DHAVE_DLFCN_H  -Wl,--export-dynamic -static conftest.c -ldl  >&5
/tmp/ccm1K0vG.o: In function `main':
/home/goualard/projects/gaol-4/configure:11914: warning: Using 'dlopen' in statically linked applications requires at runtime the shared libraries from the glibc version used for linking
/usr/bin/ld: dynamic STT_GNU_IFUNC symbol `strcmp' with pointer equality in `/usr/lib/x86_64-linux-gnu/libc.a(strcmp.o)' can not be used when making an executable; recompile with -fPIE and relink with -pie
collect2: error: ld returned 1 exit status
configure:11938: $? = 1
configure:11956: result: no
configure:11995: checking whether stripping libraries is possible
configure:12000: result: yes
configure:12035: checking if libtool supports shared libraries
configure:12037: result: yes
configure:12040: checking whether to build shared libraries
configure:12061: result: yes
configure:12064: checking whether to build static libraries
configure:12068: result: yes
configure:12116: checking for bison
configure:12132: found /usr/bin/bison
configure:12143: result: bison -y
configure:12271: checking for C compiler version
configure:12280: gcc --version >&5
gcc (GCC) 6.1.0
Copyright (C) 2016 Free Software Foundation, Inc.
This is free software; see the source for copying conditions.  There is NO
warranty; not even for MERCHANTABILITY or FITNESS FOR A PARTICULAR PURPOSE.

configure:12291: $? = 0
configure:12280: gcc -v >&5
Using built-in specs.
COLLECT_GCC=gcc
COLLECT_LTO_WRAPPER=/home/goualard/local/libexec/gcc/x86_64-pc-linux-gnu/6.1.0/lto-wrapper
Target: x86_64-pc-linux-gnu
Configured with: ../gcc-6.1.0/configure --enable-languages=c,c++,fortran --prefix=/home/goualard/local --with-multilib-list=m32,m64,mx32
Thread model: posix
gcc version 6.1.0 (GCC) 
configure:12291: $? = 0
configure:12280: gcc -V >&5
gcc: error: unrecognized command line option '-V'
gcc: fatal error: no input files
compilation terminated.
configure:12291: $? = 1
configure:12280: gcc -qversion >&5
gcc: error: unrecognized command line option '-qversion'; did you mean '--version'?
gcc: fatal error: no input files
compilation terminated.
configure:12291: $? = 1
configure:12295: checking whether we are using the GNU C compiler
configure:12323: result: yes
configure:12332: checking whether gcc accepts -g
configure:12393: result: yes
configure:12410: checking for gcc option to accept ISO C89
configure:12486: result: none needed
configure:12511: checking whether gcc understands -c and -o together
configure:12548: result: yes
configure:12567: checking dependency style of gcc
configure:12678: result: gcc3
configure:12751: checking for g++
configure:12767: found /home/goualard/local/bin/g++
configure:12778: result: g++
configure:12805: checking for C++ compiler version
configure:12814: g++ --version >&5
g++ (GCC) 6.1.0
Copyright (C) 2016 Free Software Foundation, Inc.
This is free software; see the source for copying conditions.  There is NO
warranty; not even for MERCHANTABILITY or FITNESS FOR A PARTICULAR PURPOSE.

configure:12825: $? = 0
configure:12814: g++ -v >&5
Using built-in specs.
COLLECT_GCC=g++
COLLECT_LTO_WRAPPER=/home/goualard/local/libexec/gcc/x86_64-pc-linux-gnu/6.1.0/lto-wrapper
Target: x86_64-pc-linux-gnu
Configured with: ../gcc-6.1.0/configure --enable-languages=c,c++,fortran --prefix=/home/goualard/local --with-multilib-list=m32,m64,mx32
Thread model: posix
gcc version 6.1.0 (GCC) 
configure:12825: $? = 0
configure:12814: g++ -V >&5
g++: error: unrecognized command line option '-V'
g++: fatal error: no input files
compilation terminated.
configure:12825: $? = 1
configure:12814: g++ -qversion >&5
g++: error: unrecognized command line option '-qversion'; did you mean '--version'?
g++: fatal error: no input files
compilation terminated.
configure:12825: $? = 1
configure:12829: checking whether we are using the GNU C++ compiler
configure:12848: g++ -c  -I..  conftest.cpp >&5
configure:12848: $? = 0
configure:12857: result: yes
configure:12866: checking whether g++ accepts -g
configure:12886: g++ -c -g  conftest.cpp >&5
configure:12886: $? = 0
configure:12927: result: yes
configure:12952: checking dependency style of g++
configure:13063: result: gcc3
configure:13096: checking how to run the C++ preprocessor
configure:13123: g++ -E  conftest.cpp
configure:13123: $? = 0
configure:13137: g++ -E  conftest.cpp
conftest.cpp:27:28: fatal error: ac_nonexistent.h: No such file or directory
 #include <ac_nonexistent.h>
                            ^
compilation terminated.
configure:13137: $? = 1
configure: failed program was:
| /* confdefs.h */
| #define PACKAGE_NAME "gaol"
| #define PACKAGE_TARNAME "gaol"
| #define PACKAGE_VERSION ""4.2.1""
| #define PACKAGE_STRING "gaol "4.2.1""
| #define PACKAGE_BUGREPORT "goualard@users.sourceforge.net"
| #define PACKAGE_URL ""
| #define PACKAGE "gaol"
| #define VERSION ""4.2.1""
| #define GAOL_MAJOR_VERSION 4
| #define GAOL_MINOR_VERSION 2
| #define GAOL_MICRO_VERSION 1
| #define GAOL_VERSION "4.2.1"
| #define STDC_HEADERS 1
| #define HAVE_SYS_TYPES_H 1
| #define HAVE_SYS_STAT_H 1
| #define HAVE_STDLIB_H 1
| #define HAVE_STRING_H 1
| #define HAVE_MEMORY_H 1
| #define HAVE_STRINGS_H 1
| #define HAVE_INTTYPES_H 1
| #define HAVE_STDINT_H 1
| #define HAVE_UNISTD_H 1
| #define HAVE_DLFCN_H 1
| #define LT_OBJDIR ".libs/"
| /* end confdefs.h.  */
| #include <ac_nonexistent.h>
configure:13162: result: g++ -E
configure:13182: g++ -E  conftest.cpp
configure:13182: $? = 0
configure:13196: g++ -E  conftest.cpp
conftest.cpp:27:28: fatal error: ac_nonexistent.h: No such file or directory
 #include <ac_nonexistent.h>
                            ^
compilation terminated.
configure:13196: $? = 1
configure: failed program was:
| /* confdefs.h */
| #define PACKAGE_NAME "gaol"
| #define PACKAGE_TARNAME "gaol"
| #define PACKAGE_VERSION ""4.2.1""
| #define PACKAGE_STRING "gaol "4.2.1""
| #define PACKAGE_BUGREPORT "goualard@users.sourceforge.net"
| #define PACKAGE_URL ""
| #define PACKAGE "gaol"
| #define VERSION ""4.2.1""
| #define GAOL_MAJOR_VERSION 4
| #define GAOL_MINOR_VERSION 2
| #define GAOL_MICRO_VERSION 1
| #define GAOL_VERSION "4.2.1"
| #define STDC_HEADERS 1
| #define HAVE_SYS_TYPES_H 1
| #define HAVE_SYS_STAT_H 1
| #define HAVE_STDLIB_H 1
| #define HAVE_STRING_H 1
| #define HAVE_MEMORY_H 1
| #define HAVE_STRINGS_H 1
| #define HAVE_INTTYPES_H 1
| #define HAVE_STDINT_H 1
| #define HAVE_UNISTD_H 1
| #define HAVE_DLFCN_H 1
| #define LT_OBJDIR ".libs/"
| /* end confdefs.h.  */
| #include <ac_nonexistent.h>
configure:13365: checking for ld used by g++
configure:13432: result: /usr/bin/ld -m elf_x86_64
configure:13439: checking if the linker (/usr/bin/ld -m elf_x86_64) is GNU ld
configure:13454: result: yes
configure:13509: checking whether the g++ linker (/usr/bin/ld -m elf_x86_64) supports shared libraries
configure:14511: result: yes
configure:14547: g++ -c  -I..  conftest.cpp >&5
configure:14550: $? = 0
configure:15070: checking for g++ option to produce PIC
configure:15077: result: -fPIC -DPIC
configure:15085: checking if g++ PIC flag -fPIC -DPIC works
configure:15103: g++ -c  -I..  -fPIC -DPIC -DPIC conftest.cpp >&5
configure:15107: $? = 0
configure:15120: result: yes
configure:15143: checking if g++ static flag -static works
configure:15171: result: yes
configure:15183: checking if g++ supports -c -o file.o
configure:15204: g++ -c  -I..  -o out/conftest2.o conftest.cpp >&5
configure:15208: $? = 0
configure:15230: result: yes
configure:15235: checking if g++ supports -c -o file.o
configure:15282: result: yes
configure:15312: checking whether the g++ linker (/usr/bin/ld -m elf_x86_64) supports shared libraries
configure:15351: result: yes
configure:15492: checking dynamic linker characteristics
configure:16160: result: GNU/Linux ld.so
configure:16213: checking how to hardcode library paths into programs
configure:16238: result: immediate
configure:16298: checking whether SSE2 features are available
configure:16309: gcc -o conftest -g -O2 -I..   conftest.c  >&5
configure:16309: $? = 0
configure:16309: ./conftest
configure:16309: $? = 0
configure:16318: result: yes
configure:16334: checking whether SSE3 features are available
configure:16345: gcc -o conftest -g -O2 -I..   conftest.c  >&5
configure:16345: $? = 0
configure:16345: ./conftest
configure:16345: $? = 0
configure:16354: result: yes
configure:16409: checking for utan in -lultim
configure:16434: gcc -o conftest -g -O2 -I..    conftest.c -lultim  -lm >&5
configure:16434: $? = 0
configure:16443: result: yes
configure:16458: checking MathLib.h usability
configure:16458: gcc -c -g -O2 -I..   conftest.c >&5
configure:16458: $? = 0
configure:16458: result: yes
configure:16458: checking MathLib.h presence
configure:16458: gcc -E   conftest.c
configure:16458: $? = 0
configure:16458: result: yes
configure:16458: checking for MathLib.h
configure:16458: result: yes
configure:16595: checking whether the C++ compiler accepts -fvisibility-inlines-hidden and -fvisibility
configure:16608: g++ -c -fvisibility-inlines-hidden -fvisibility=hidden   conftest.cpp >&5
configure:16608: $? = 0
configure:16614: result: yes
configure:16836: checking for dlopen in -ldl
configure:16870: result: yes
configure:16909: checking for cppunit/ui/text/TestRunner.h
configure:16915: checking cppunit/ui/text/TestRunner.h usability
configure:16915: g++ -c  -I.. -msse2 -msse3  -O3 -funroll-loops -fomit-frame-pointer -fexpensive-optimizations -fvisibility-inlines-hidden -fvisibility=hidden -Wall -Wconversion    conftest.cpp >&5
conftest.cpp:72:40: fatal error: cppunit/ui/text/TestRunner.h: No such file or directory
 #include <cppunit/ui/text/TestRunner.h>
                                        ^
compilation terminated.
configure:16915: $? = 1
configure: failed program was:
| /* confdefs.h */
| #define PACKAGE_NAME "gaol"
| #define PACKAGE_TARNAME "gaol"
| #define PACKAGE_VERSION ""4.2.1""
| #define PACKAGE_STRING "gaol "4.2.1""
| #define PACKAGE_BUGREPORT "goualard@users.sourceforge.net"
| #define PACKAGE_URL ""
| #define PACKAGE "gaol"
| #define VERSION ""4.2.1""
| #define GAOL_MAJOR_VERSION 4
| #define GAOL_MINOR_VERSION 2
| #define GAOL_MICRO_VERSION 1
| #define GAOL_VERSION "4.2.1"
| #define STDC_HEADERS 1
| #define HAVE_SYS_TYPES_H 1
| #define HAVE_SYS_STAT_H 1
| #define HAVE_STDLIB_H 1
| #define HAVE_STRING_H 1
| #define HAVE_MEMORY_H 1
| #define HAVE_STRINGS_H 1
| #define HAVE_INTTYPES_H 1
| #define HAVE_STDINT_H 1
| #define HAVE_UNISTD_H 1
| #define HAVE_DLFCN_H 1
| #define LT_OBJDIR ".libs/"
| #define USING_SSE2_INSTRUCTIONS 1
| #define USING_SSE3_INSTRUCTIONS 1
| #define HAVE_MATHLIB_H 1
| #define GAOL_USING_APMATHLIB 1
| #define GAOL_VERBOSE_MODE 1
| #define HAVE_VISIBILITY_OPTIONS 1
| #define GAOL_PRESERVE_ROUNDING 1
| #define GAOL_CERTAINLY_RELATIONS 1
| #define GAOL_EXCEPTIONS_ENABLED 1
| #define GAOL_USING_ASM 1
| #define IX86_LINUX 1
| #define X86_64BITS 1
| /* end confdefs.h.  */
| #include <stdio.h>
| #ifdef HAVE_SYS_TYPES_H
| # include <sys/types.h>
| #endif
| #ifdef HAVE_SYS_STAT_H
| # include <sys/stat.h>
| #endif
| #ifdef STDC_HEADERS
| # include <stdlib.h>
| # include <stddef.h>
| #else
| # ifdef HAVE_STDLIB_H
| #  include <stdlib.h>
| # endif
| #endif
| #ifdef HAVE_STRING_H
| # if !defined STDC_HEADERS && defined HAVE_MEMORY_H
| #  include <memory.h>
| # endif
| # include <string.h>
| #endif
| #ifdef HAVE_STRINGS_H
| # include <strings.h>
| #endif
| #ifdef HAVE_INTTYPES_H
| # include <inttypes.h>
| #endif
| #ifdef HAVE_STDINT_H
| # include <stdint.h>
| #endif
| #ifdef HAVE_UNISTD_H
| # include <unistd.h>
| #endif
| #include <cppunit/ui/text/TestRunner.h>
configure:16915: result: no
configure:16915: checking cppunit/ui/text/TestRunner.h presence
configure:16915: g++ -E   conftest.cpp
conftest.cpp:39:40: fatal error: cppunit/ui/text/TestRunner.h: No such file or directory
 #include <cppunit/ui/text/TestRunner.h>
                                        ^
compilation terminated.
configure:16915: $? = 1
configure: failed program was:
| /* confdefs.h */
| #define PACKAGE_NAME "gaol"
| #define PACKAGE_TARNAME "gaol"
| #define PACKAGE_VERSION ""4.2.1""
| #define PACKAGE_STRING "gaol "4.2.1""
| #define PACKAGE_BUGREPORT "goualard@users.sourceforge.net"
| #define PACKAGE_URL ""
| #define PACKAGE "gaol"
| #define VERSION ""4.2.1""
| #define GAOL_MAJOR_VERSION 4
| #define GAOL_MINOR_VERSION 2
| #define GAOL_MICRO_VERSION 1
| #define GAOL_VERSION "4.2.1"
| #define STDC_HEADERS 1
| #define HAVE_SYS_TYPES_H 1
| #define HAVE_SYS_STAT_H 1
| #define HAVE_STDLIB_H 1
| #define HAVE_STRING_H 1
| #define HAVE_MEMORY_H 1
| #define HAVE_STRINGS_H 1
| #define HAVE_INTTYPES_H 1
| #define HAVE_STDINT_H 1
| #define HAVE_UNISTD_H 1
| #define HAVE_DLFCN_H 1
| #define LT_OBJDIR ".libs/"
| #define USING_SSE2_INSTRUCTIONS 1
| #define USING_SSE3_INSTRUCTIONS 1
| #define HAVE_MATHLIB_H 1
| #define GAOL_USING_APMATHLIB 1
| #define GAOL_VERBOSE_MODE 1
| #define HAVE_VISIBILITY_OPTIONS 1
| #define GAOL_PRESERVE_ROUNDING 1
| #define GAOL_CERTAINLY_RELATIONS 1
| #define GAOL_EXCEPTIONS_ENABLED 1
| #define GAOL_USING_ASM 1
| #define IX86_LINUX 1
| #define X86_64BITS 1
| /* end confdefs.h.  */
| #include <cppunit/ui/text/TestRunner.h>
configure:16915: result: no
configure:16915: checking for cppunit/ui/text/TestRunner.h
configure:16915: result: no
configure:16936: WARNING: "*******************************************"
configure:16938: WARNING: "Library 'cppunit' not present."
configure:16940: WARNING: "You will not be able to check the library."
configure:16942: WARNING: "*******************************************"
configure:16985: checking for nextafter in -lm
configure:17010: gcc -o conftest -g -O2 -I.. -O2 -Wall -Wconversion     conftest.c -lm   >&5
conftest.c:46:6: warning: conflicting types for built-in function 'nextafter'
 char nextafter ();
      ^~~~~~~~~
configure:17010: $? = 0
configure:17019: result: yes
configure:17044: checking for pdflatex
configure:17060: found /usr/bin/pdflatex
configure:17072: result: pdflatex
configure:17092: checking for bibtex
configure:17108: found /usr/bin/bibtex
configure:17120: result: bibtex
configure:17130: checking for makeindex
configure:17146: found /usr/bin/makeindex
configure:17158: result: makeindex
configure:17220: checking for doxygen
configure:17248: result: no
configure:17257: WARNING: "****************************************************"
configure:17259: WARNING: "'doxygen' not found:                                "
configure:17261: WARNING: "You will not be able to create html documentation   "
configure:17263: WARNING: "****************************************************"
configure:17276: checking for dot
configure:17292: found /usr/bin/dot
configure:17304: result: dot
configure:17329: checking for ANSI C header files
configure:17433: result: yes
configure:17444: checking fenv.h usability
configure:17444: gcc -c -g -O2 -I.. -O2 -Wall -Wconversion   conftest.c >&5
configure:17444: $? = 0
configure:17444: result: yes
configure:17444: checking fenv.h presence
configure:17444: gcc -E   conftest.c
configure:17444: $? = 0
configure:17444: result: yes
configure:17444: checking for fenv.h
configure:17444: result: yes
configure:17444: checking float.h usability
configure:17444: gcc -c -g -O2 -I.. -O2 -Wall -Wconversion   conftest.c >&5
configure:17444: $? = 0
configure:17444: result: yes
configure:17444: checking float.h presence
configure:17444: gcc -E   conftest.c
configure:17444: $? = 0
configure:17444: result: yes
configure:17444: checking for float.h
configure:17444: result: yes
configure:17444: checking stddef.h usability
configure:17444: gcc -c -g -O2 -I.. -O2 -Wall -Wconversion   conftest.c >&5
configure:17444: $? = 0
configure:17444: result: yes
configure:17444: checking stddef.h presence
configure:17444: gcc -E   conftest.c
configure:17444: $? = 0
configure:17444: result: yes
configure:17444: checking for stddef.h
configure:17444: result: yes
configure:17444: checking for stdlib.h
configure:17444: result: yes
configure:17444: checking for string.h
configure:17444: result: yes
configure:17444: checking sys/time.h usability
configure:17444: gcc -c -g -O2 -I.. -O2 -Wall -Wconversion   conftest.c >&5
configure:17444: $? = 0
configure:17444: result: yes
configure:17444: checking sys/time.h presence
configure:17444: gcc -E   conftest.c
configure:17444: $? = 0
configure:17444: result: yes
configure:17444: checking for sys/time.h
configure:17444: result: yes
configure:17444: checking for unistd.h
configure:17444: result: yes
configure:17465: checking limits usability
configure:17465: g++ -c  -I.. -msse2 -msse3  -O3 -funroll-loops -fomit-frame-pointer -fexpensive-optimizations -fvisibility-inlines-hidden -fvisibility=hidden -Wall -Wconversion    conftest.cpp >&5
configure:17465: $? = 0
configure:17465: result: yes
configure:17465: checking limits presence
configure:17465: g++ -E   conftest.cpp
configure:17465: $? = 0
configure:17465: result: yes
configure:17465: checking for limits
configure:17465: result: yes
configure:17465: checking cassert usability
configure:17465: g++ -c  -I.. -msse2 -msse3  -O3 -funroll-loops -fomit-frame-pointer -fexpensive-optimizations -fvisibility-inlines-hidden -fvisibility=hidden -Wall -Wconversion    conftest.cpp >&5
configure:17465: $? = 0
configure:17465: result: yes
configure:17465: checking cassert presence
configure:17465: g++ -E   conftest.cpp
configure:17465: $? = 0
configure:17465: result: yes
configure:17465: checking for cassert
configure:17465: result: yes
configure:17478: checking for stdbool.h that conforms to C99
configure:17545: g++ -c  -I.. -msse2 -msse3  -O3 -funroll-loops -fomit-frame-pointer -fexpensive-optimizations -fvisibility-inlines-hidden -fvisibility=hidden -Wall -Wconversion    conftest.cpp >&5
conftest.cpp:53:15: error: expected unqualified-id before string constant
               "error: bool is not defined"
               ^~~~~~~~~~~~~~~~~~~~~~~~~~~~
conftest.cpp:71:48: error: 's' does not name a type
              struct s { _Bool s: 1; _Bool t; } s;
                                                ^
conftest.cpp:81:28: error: 's' was not declared in this scope
              char i[sizeof s.t];
                            ^
conftest.cpp: In function 'int main()':
conftest.cpp:99:24: error: 's' was not declared in this scope
              bool e = &s;
                        ^
conftest.cpp:103:23: warning: the address of 'a' will always evaluate as 'true' [-Waddress]
              return (!a + !b + !c + !d + !e + !f + !g + !h + !i + !!j + !k + !!l
                       ^
conftest.cpp:103:28: warning: the address of 'b' will always evaluate as 'true' [-Waddress]
              return (!a + !b + !c + !d + !e + !f + !g + !h + !i + !!j + !k + !!l
                            ^
conftest.cpp:103:33: warning: the address of 'c' will always evaluate as 'true' [-Waddress]
              return (!a + !b + !c + !d + !e + !f + !g + !h + !i + !!j + !k + !!l
                                 ^
conftest.cpp:103:38: warning: the address of 'd' will always evaluate as 'true' [-Waddress]
              return (!a + !b + !c + !d + !e + !f + !g + !h + !i + !!j + !k + !!l
                                      ^
conftest.cpp:103:48: warning: the address of 'f' will always evaluate as 'true' [-Waddress]
              return (!a + !b + !c + !d + !e + !f + !g + !h + !i + !!j + !k + !!l
                                                ^
conftest.cpp:103:53: warning: the address of 'g' will always evaluate as 'true' [-Waddress]
              return (!a + !b + !c + !d + !e + !f + !g + !h + !i + !!j + !k + !!l
                                                     ^
conftest.cpp:103:58: warning: the address of 'h' will always evaluate as 'true' [-Waddress]
              return (!a + !b + !c + !d + !e + !f + !g + !h + !i + !!j + !k + !!l
                                                          ^
conftest.cpp:103:63: error: 'i' was not declared in this scope
              return (!a + !b + !c + !d + !e + !f + !g + !h + !i + !!j + !k + !!l
                                                               ^
conftest.cpp:104:30: warning: the address of 'n' will always evaluate as 'true' [-Waddress]
                              ^
conftest.cpp:104:35: warning: the address of 'o' will always evaluate as 'true' [-Waddress]
                                   ^
conftest.cpp:104:40: warning: the address of 'p' will always evaluate as 'true' [-Waddress]
                                        ^
configure:17545: $? = 1
configure: failed program was:
| /* confdefs.h */
| #define PACKAGE_NAME "gaol"
| #define PACKAGE_TARNAME "gaol"
| #define PACKAGE_VERSION ""4.2.1""
| #define PACKAGE_STRING "gaol "4.2.1""
| #define PACKAGE_BUGREPORT "goualard@users.sourceforge.net"
| #define PACKAGE_URL ""
| #define PACKAGE "gaol"
| #define VERSION ""4.2.1""
| #define GAOL_MAJOR_VERSION 4
| #define GAOL_MINOR_VERSION 2
| #define GAOL_MICRO_VERSION 1
| #define GAOL_VERSION "4.2.1"
| #define STDC_HEADERS 1
| #define HAVE_SYS_TYPES_H 1
| #define HAVE_SYS_STAT_H 1
| #define HAVE_STDLIB_H 1
| #define HAVE_STRING_H 1
| #define HAVE_MEMORY_H 1
| #define HAVE_STRINGS_H 1
| #define HAVE_INTTYPES_H 1
| #define HAVE_STDINT_H 1
| #define HAVE_UNISTD_H 1
| #define HAVE_DLFCN_H 1
| #define LT_OBJDIR ".libs/"
| #define USING_SSE2_INSTRUCTIONS 1
| #define USING_SSE3_INSTRUCTIONS 1
| #define HAVE_MATHLIB_H 1
| #define GAOL_USING_APMATHLIB 1
| #define GAOL_VERBOSE_MODE 1
| #define HAVE_VISIBILITY_OPTIONS 1
| #define GAOL_PRESERVE_ROUNDING 1
| #define GAOL_CERTAINLY_RELATIONS 1
| #define GAOL_EXCEPTIONS_ENABLED 1
| #define GAOL_USING_ASM 1
| #define IX86_LINUX 1
| #define X86_64BITS 1
| #define HAVE_NEXTAFTER 1
| #define STDC_HEADERS 1
| #define HAVE_FENV_H 1
| #define HAVE_FLOAT_H 1
| #define HAVE_STDDEF_H 1
| #define HAVE_STDLIB_H 1
| #define HAVE_STRING_H 1
| #define HAVE_SYS_TIME_H 1
| #define HAVE_UNISTD_H 1
| #define HAVE_LIMITS 1
| #define HAVE_CASSERT 1
| /* end confdefs.h.  */
| 
|              #include <stdbool.h>
|              #ifndef bool
|               "error: bool is not defined"
|              #endif
|              #ifndef false
|               "error: false is not defined"
|              #endif
|              #if false
|               "error: false is not 0"
|              #endif
|              #ifndef true
|               "error: true is not defined"
|              #endif
|              #if true != 1
|               "error: true is not 1"
|              #endif
|              #ifndef __bool_true_false_are_defined
|               "error: __bool_true_false_are_defined is not defined"
|              #endif
| 
|              struct s { _Bool s: 1; _Bool t; } s;
| 
|              char a[true == 1 ? 1 : -1];
|              char b[false == 0 ? 1 : -1];
|              char c[__bool_true_false_are_defined == 1 ? 1 : -1];
|              char d[(bool) 0.5 == true ? 1 : -1];
|              /* See body of main program for 'e'.  */
|              char f[(_Bool) 0.0 == false ? 1 : -1];
|              char g[true];
|              char h[sizeof (_Bool)];
|              char i[sizeof s.t];
|              enum { j = false, k = true, l = false * true, m = true * 256 };
|              /* The following fails for
|                 HP aC++/ANSI C B3910B A.05.55 [Dec 04 2003]. */
|              _Bool n[m];
|              char o[sizeof n == m * sizeof n[0] ? 1 : -1];
|              char p[-1 - (_Bool) 0 < 0 && -1 - (bool) 0 < 0 ? 1 : -1];
|              /* Catch a bug in an HP-UX C compiler.  See
|                 http://gcc.gnu.org/ml/gcc-patches/2003-12/msg02303.html
|                 http://lists.gnu.org/archive/html/bug-coreutils/2005-11/msg00161.html
|               */
|              _Bool q = true;
|              _Bool *pq = &q;
| 
| int
| main ()
| {
| 
|              bool e = &s;
|              *pq |= q;
|              *pq |= ! q;
|              /* Refer to every declared value, to avoid compiler optimizations.  */
|              return (!a + !b + !c + !d + !e + !f + !g + !h + !i + !!j + !k + !!l
|                      + !m + !n + !o + !p + !q + !pq);
| 
|   ;
|   return 0;
| }
configure:17552: result: no
configure:17554: checking for _Bool
configure:17554: g++ -c  -I.. -msse2 -msse3  -O3 -funroll-loops -fomit-frame-pointer -fexpensive-optimizations -fvisibility-inlines-hidden -fvisibility=hidden -Wall -Wconversion    conftest.cpp >&5
conftest.cpp: In function 'int main()':
conftest.cpp:86:13: error: '_Bool' was not declared in this scope
 if (sizeof (_Bool))
             ^~~~~
configure:17554: $? = 1
configure: failed program was:
| /* confdefs.h */
| #define PACKAGE_NAME "gaol"
| #define PACKAGE_TARNAME "gaol"
| #define PACKAGE_VERSION ""4.2.1""
| #define PACKAGE_STRING "gaol "4.2.1""
| #define PACKAGE_BUGREPORT "goualard@users.sourceforge.net"
| #define PACKAGE_URL ""
| #define PACKAGE "gaol"
| #define VERSION ""4.2.1""
| #define GAOL_MAJOR_VERSION 4
| #define GAOL_MINOR_VERSION 2
| #define GAOL_MICRO_VERSION 1
| #define GAOL_VERSION "4.2.1"
| #define STDC_HEADERS 1
| #define HAVE_SYS_TYPES_H 1
| #define HAVE_SYS_STAT_H 1
| #define HAVE_STDLIB_H 1
| #define HAVE_STRING_H 1
| #define HAVE_MEMORY_H 1
| #define HAVE_STRINGS_H 1
| #define HAVE_INTTYPES_H 1
| #define HAVE_STDINT_H 1
| #define HAVE_UNISTD_H 1
| #define HAVE_DLFCN_H 1
| #define LT_OBJDIR ".libs/"
| #define USING_SSE2_INSTRUCTIONS 1
| #define USING_SSE3_INSTRUCTIONS 1
| #define HAVE_MATHLIB_H 1
| #define GAOL_USING_APMATHLIB 1
| #define GAOL_VERBOSE_MODE 1
| #define HAVE_VISIBILITY_OPTIONS 1
| #define GAOL_PRESERVE_ROUNDING 1
| #define GAOL_CERTAINLY_RELATIONS 1
| #define GAOL_EXCEPTIONS_ENABLED 1
| #define GAOL_USING_ASM 1
| #define IX86_LINUX 1
| #define X86_64BITS 1
| #define HAVE_NEXTAFTER 1
| #define STDC_HEADERS 1
| #define HAVE_FENV_H 1
| #define HAVE_FLOAT_H 1
| #define HAVE_STDDEF_H 1
| #define HAVE_STDLIB_H 1
| #define HAVE_STRING_H 1
| #define HAVE_SYS_TIME_H 1
| #define HAVE_UNISTD_H 1
| #define HAVE_LIMITS 1
| #define HAVE_CASSERT 1
| /* end confdefs.h.  */
| #include <stdio.h>
| #ifdef HAVE_SYS_TYPES_H
| # include <sys/types.h>
| #endif
| #ifdef HAVE_SYS_STAT_H
| # include <sys/stat.h>
| #endif
| #ifdef STDC_HEADERS
| # include <stdlib.h>
| # include <stddef.h>
| #else
| # ifdef HAVE_STDLIB_H
| #  include <stdlib.h>
| # endif
| #endif
| #ifdef HAVE_STRING_H
| # if !defined STDC_HEADERS && defined HAVE_MEMORY_H
| #  include <memory.h>
| # endif
| # include <string.h>
| #endif
| #ifdef HAVE_STRINGS_H
| # include <strings.h>
| #endif
| #ifdef HAVE_INTTYPES_H
| # include <inttypes.h>
| #endif
| #ifdef HAVE_STDINT_H
| # include <stdint.h>
| #endif
| #ifdef HAVE_UNISTD_H
| # include <unistd.h>
| #endif
| int
| main ()
| {
| if (sizeof (_Bool))
| 	 return 0;
|   ;
|   return 0;
| }
configure:17554: result: no
configure:17571: checking for an ANSI C-conforming const
configure:17637: g++ -c  -I.. -msse2 -msse3  -O3 -funroll-loops -fomit-frame-pointer -fexpensive-optimizations -fvisibility-inlines-hidden -fvisibility=hidden -Wall -Wconversion    conftest.cpp >&5
configure:17637: $? = 0
configure:17644: result: yes
configure:17652: checking for inline
configure:17668: g++ -c  -I.. -msse2 -msse3  -O3 -funroll-loops -fomit-frame-pointer -fexpensive-optimizations -fvisibility-inlines-hidden -fvisibility=hidden -Wall -Wconversion    conftest.cpp >&5
configure:17668: $? = 0
configure:17676: result: inline
configure:17694: checking for size_t
configure:17694: g++ -c  -I.. -msse2 -msse3  -O3 -funroll-loops -fomit-frame-pointer -fexpensive-optimizations -fvisibility-inlines-hidden -fvisibility=hidden -Wall -Wconversion    conftest.cpp >&5
configure:17694: $? = 0
configure:17694: g++ -c  -I.. -msse2 -msse3  -O3 -funroll-loops -fomit-frame-pointer -fexpensive-optimizations -fvisibility-inlines-hidden -fvisibility=hidden -Wall -Wconversion    conftest.cpp >&5
conftest.cpp: In function 'int main()':
conftest.cpp:86:20: error: expected primary-expression before ')' token
 if (sizeof ((size_t)))
                    ^
configure:17694: $? = 1
configure: failed program was:
| /* confdefs.h */
| #define PACKAGE_NAME "gaol"
| #define PACKAGE_TARNAME "gaol"
| #define PACKAGE_VERSION ""4.2.1""
| #define PACKAGE_STRING "gaol "4.2.1""
| #define PACKAGE_BUGREPORT "goualard@users.sourceforge.net"
| #define PACKAGE_URL ""
| #define PACKAGE "gaol"
| #define VERSION ""4.2.1""
| #define GAOL_MAJOR_VERSION 4
| #define GAOL_MINOR_VERSION 2
| #define GAOL_MICRO_VERSION 1
| #define GAOL_VERSION "4.2.1"
| #define STDC_HEADERS 1
| #define HAVE_SYS_TYPES_H 1
| #define HAVE_SYS_STAT_H 1
| #define HAVE_STDLIB_H 1
| #define HAVE_STRING_H 1
| #define HAVE_MEMORY_H 1
| #define HAVE_STRINGS_H 1
| #define HAVE_INTTYPES_H 1
| #define HAVE_STDINT_H 1
| #define HAVE_UNISTD_H 1
| #define HAVE_DLFCN_H 1
| #define LT_OBJDIR ".libs/"
| #define USING_SSE2_INSTRUCTIONS 1
| #define USING_SSE3_INSTRUCTIONS 1
| #define HAVE_MATHLIB_H 1
| #define GAOL_USING_APMATHLIB 1
| #define GAOL_VERBOSE_MODE 1
| #define HAVE_VISIBILITY_OPTIONS 1
| #define GAOL_PRESERVE_ROUNDING 1
| #define GAOL_CERTAINLY_RELATIONS 1
| #define GAOL_EXCEPTIONS_ENABLED 1
| #define GAOL_USING_ASM 1
| #define IX86_LINUX 1
| #define X86_64BITS 1
| #define HAVE_NEXTAFTER 1
| #define STDC_HEADERS 1
| #define HAVE_FENV_H 1
| #define HAVE_FLOAT_H 1
| #define HAVE_STDDEF_H 1
| #define HAVE_STDLIB_H 1
| #define HAVE_STRING_H 1
| #define HAVE_SYS_TIME_H 1
| #define HAVE_UNISTD_H 1
| #define HAVE_LIMITS 1
| #define HAVE_CASSERT 1
| /* end confdefs.h.  */
| #include <stdio.h>
| #ifdef HAVE_SYS_TYPES_H
| # include <sys/types.h>
| #endif
| #ifdef HAVE_SYS_STAT_H
| # include <sys/stat.h>
| #endif
| #ifdef STDC_HEADERS
| # include <stdlib.h>
| # include <stddef.h>
| #else
| # ifdef HAVE_STDLIB_H
| #  include <stdlib.h>
| # endif
| #endif
| #ifdef HAVE_STRING_H
| # if !defined STDC_HEADERS && defined HAVE_MEMORY_H
| #  include <memory.h>
| # endif
| # include <string.h>
| #endif
| #ifdef HAVE_STRINGS_H
| # include <strings.h>
| #endif
| #ifdef HAVE_INTTYPES_H
| # include <inttypes.h>
| #endif
| #ifdef HAVE_STDINT_H
| # include <stdint.h>
| #endif
| #ifdef HAVE_UNISTD_H
| # include <unistd.h>
| #endif
| int
| main ()
| {
| if (sizeof ((size_t)))
| 	    return 0;
|   ;
|   return 0;
| }
configure:17694: result: yes
configure:17706: checking whether byte ordering is bigendian
configure:17721: g++ -c  -I.. -msse2 -msse3  -O3 -funroll-loops -fomit-frame-pointer -fexpensive-optimizations -fvisibility-inlines-hidden -fvisibility=hidden -Wall -Wconversion    conftest.cpp >&5
conftest.cpp:51:9: error: expected unqualified-id before 'not' token
         not a universal capable compiler
         ^~~
configure:17721: $? = 1
configure: failed program was:
| /* confdefs.h */
| #define PACKAGE_NAME "gaol"
| #define PACKAGE_TARNAME "gaol"
| #define PACKAGE_VERSION ""4.2.1""
| #define PACKAGE_STRING "gaol "4.2.1""
| #define PACKAGE_BUGREPORT "goualard@users.sourceforge.net"
| #define PACKAGE_URL ""
| #define PACKAGE "gaol"
| #define VERSION ""4.2.1""
| #define GAOL_MAJOR_VERSION 4
| #define GAOL_MINOR_VERSION 2
| #define GAOL_MICRO_VERSION 1
| #define GAOL_VERSION "4.2.1"
| #define STDC_HEADERS 1
| #define HAVE_SYS_TYPES_H 1
| #define HAVE_SYS_STAT_H 1
| #define HAVE_STDLIB_H 1
| #define HAVE_STRING_H 1
| #define HAVE_MEMORY_H 1
| #define HAVE_STRINGS_H 1
| #define HAVE_INTTYPES_H 1
| #define HAVE_STDINT_H 1
| #define HAVE_UNISTD_H 1
| #define HAVE_DLFCN_H 1
| #define LT_OBJDIR ".libs/"
| #define USING_SSE2_INSTRUCTIONS 1
| #define USING_SSE3_INSTRUCTIONS 1
| #define HAVE_MATHLIB_H 1
| #define GAOL_USING_APMATHLIB 1
| #define GAOL_VERBOSE_MODE 1
| #define HAVE_VISIBILITY_OPTIONS 1
| #define GAOL_PRESERVE_ROUNDING 1
| #define GAOL_CERTAINLY_RELATIONS 1
| #define GAOL_EXCEPTIONS_ENABLED 1
| #define GAOL_USING_ASM 1
| #define IX86_LINUX 1
| #define X86_64BITS 1
| #define HAVE_NEXTAFTER 1
| #define STDC_HEADERS 1
| #define HAVE_FENV_H 1
| #define HAVE_FLOAT_H 1
| #define HAVE_STDDEF_H 1
| #define HAVE_STDLIB_H 1
| #define HAVE_STRING_H 1
| #define HAVE_SYS_TIME_H 1
| #define HAVE_UNISTD_H 1
| #define HAVE_LIMITS 1
| #define HAVE_CASSERT 1
| /* end confdefs.h.  */
| #ifndef __APPLE_CC__
| 	       not a universal capable compiler
| 	     #endif
| 	     typedef int dummy;
| 
configure:17766: g++ -c  -I.. -msse2 -msse3  -O3 -funroll-loops -fomit-frame-pointer -fexpensive-optimizations -fvisibility-inlines-hidden -fvisibility=hidden -Wall -Wconversion    conftest.cpp >&5
configure:17766: $? = 0
configure:17784: g++ -c  -I.. -msse2 -msse3  -O3 -funroll-loops -fomit-frame-pointer -fexpensive-optimizations -fvisibility-inlines-hidden -fvisibility=hidden -Wall -Wconversion    conftest.cpp >&5
conftest.cpp: In function 'int main()':
conftest.cpp:57:8: error: 'big' was not declared in this scope
    not big endian
        ^~~
configure:17784: $? = 1
configure: failed program was:
| /* confdefs.h */
| #define PACKAGE_NAME "gaol"
| #define PACKAGE_TARNAME "gaol"
| #define PACKAGE_VERSION ""4.2.1""
| #define PACKAGE_STRING "gaol "4.2.1""
| #define PACKAGE_BUGREPORT "goualard@users.sourceforge.net"
| #define PACKAGE_URL ""
| #define PACKAGE "gaol"
| #define VERSION ""4.2.1""
| #define GAOL_MAJOR_VERSION 4
| #define GAOL_MINOR_VERSION 2
| #define GAOL_MICRO_VERSION 1
| #define GAOL_VERSION "4.2.1"
| #define STDC_HEADERS 1
| #define HAVE_SYS_TYPES_H 1
| #define HAVE_SYS_STAT_H 1
| #define HAVE_STDLIB_H 1
| #define HAVE_STRING_H 1
| #define HAVE_MEMORY_H 1
| #define HAVE_STRINGS_H 1
| #define HAVE_INTTYPES_H 1
| #define HAVE_STDINT_H 1
| #define HAVE_UNISTD_H 1
| #define HAVE_DLFCN_H 1
| #define LT_OBJDIR ".libs/"
| #define USING_SSE2_INSTRUCTIONS 1
| #define USING_SSE3_INSTRUCTIONS 1
| #define HAVE_MATHLIB_H 1
| #define GAOL_USING_APMATHLIB 1
| #define GAOL_VERBOSE_MODE 1
| #define HAVE_VISIBILITY_OPTIONS 1
| #define GAOL_PRESERVE_ROUNDING 1
| #define GAOL_CERTAINLY_RELATIONS 1
| #define GAOL_EXCEPTIONS_ENABLED 1
| #define GAOL_USING_ASM 1
| #define IX86_LINUX 1
| #define X86_64BITS 1
| #define HAVE_NEXTAFTER 1
| #define STDC_HEADERS 1
| #define HAVE_FENV_H 1
| #define HAVE_FLOAT_H 1
| #define HAVE_STDDEF_H 1
| #define HAVE_STDLIB_H 1
| #define HAVE_STRING_H 1
| #define HAVE_SYS_TIME_H 1
| #define HAVE_UNISTD_H 1
| #define HAVE_LIMITS 1
| #define HAVE_CASSERT 1
| /* end confdefs.h.  */
| #include <sys/types.h>
| 		#include <sys/param.h>
| 
| int
| main ()
| {
| #if BYTE_ORDER != BIG_ENDIAN
| 		 not big endian
| 		#endif
| 
|   ;
|   return 0;
| }
configure:17912: result: no
configure:17934: checking size of int
configure:17939: g++ -o conftest  -I.. -msse2 -msse3  -O3 -funroll-loops -fomit-frame-pointer -fexpensive-optimizations -fvisibility-inlines-hidden -fvisibility=hidden -Wall -Wconversion      conftest.cpp  >&5
configure:17939: $? = 0
configure:17939: ./conftest
configure:17939: $? = 0
configure:17953: result: 4
configure:17967: checking size of long
configure:17972: g++ -o conftest  -I.. -msse2 -msse3  -O3 -funroll-loops -fomit-frame-pointer -fexpensive-optimizations -fvisibility-inlines-hidden -fvisibility=hidden -Wall -Wconversion      conftest.cpp  >&5
configure:17972: $? = 0
configure:17972: ./conftest
configure:17972: $? = 0
configure:17986: result: 8
configure:18000: checking size of long long int
configure:18005: g++ -o conftest  -I.. -msse2 -msse3  -O3 -funroll-loops -fomit-frame-pointer -fexpensive-optimizations -fvisibility-inlines-hidden -fvisibility=hidden -Wall -Wconversion      conftest.cpp  >&5
configure:18005: $? = 0
configure:18005: ./conftest
configure:18005: $? = 0
configure:18019: result: 8
configure:18041: checking whether the C++ compiler accepts -frounding-math
configure:18054: g++ -c -frounding-math   conftest.cpp >&5
configure:18054: $? = 0
configure:18060: result: yes
configure:18081: checking for stdlib.h
configure:18081: result: yes
configure:18091: checking for GNU libc compatible malloc
configure:18115: gcc -o conftest -g -O2 -I.. -O2 -Wall -Wconversion     conftest.c  >&5
configure:18115: $? = 0
configure:18115: ./conftest
configure:18115: $? = 0
configure:18125: result: yes
configure:18148: checking for stdlib.h
configure:18148: result: yes
configure:18158: checking for GNU libc compatible realloc
configure:18182: gcc -o conftest -g -O2 -I.. -O2 -Wall -Wconversion     conftest.c  >&5
configure:18182: $? = 0
configure:18182: ./conftest
configure:18182: $? = 0
configure:18192: result: yes
configure:18216: checking for fesetround
configure:18216: gcc -o conftest -g -O2 -I.. -O2 -Wall -Wconversion     conftest.c  >&5
/tmp/cckPgSyn.o: In function `main':
/home/goualard/projects/gaol-4/conftest.c:92: undefined reference to `fesetround'
collect2: error: ld returned 1 exit status
configure:18216: $? = 1
configure: failed program was:
| /* confdefs.h */
| #define PACKAGE_NAME "gaol"
| #define PACKAGE_TARNAME "gaol"
| #define PACKAGE_VERSION ""4.2.1""
| #define PACKAGE_STRING "gaol "4.2.1""
| #define PACKAGE_BUGREPORT "goualard@users.sourceforge.net"
| #define PACKAGE_URL ""
| #define PACKAGE "gaol"
| #define VERSION ""4.2.1""
| #define GAOL_MAJOR_VERSION 4
| #define GAOL_MINOR_VERSION 2
| #define GAOL_MICRO_VERSION 1
| #define GAOL_VERSION "4.2.1"
| #define STDC_HEADERS 1
| #define HAVE_SYS_TYPES_H 1
| #define HAVE_SYS_STAT_H 1
| #define HAVE_STDLIB_H 1
| #define HAVE_STRING_H 1
| #define HAVE_MEMORY_H 1
| #define HAVE_STRINGS_H 1
| #define HAVE_INTTYPES_H 1
| #define HAVE_STDINT_H 1
| #define HAVE_UNISTD_H 1
| #define HAVE_DLFCN_H 1
| #define LT_OBJDIR ".libs/"
| #define USING_SSE2_INSTRUCTIONS 1
| #define USING_SSE3_INSTRUCTIONS 1
| #define HAVE_MATHLIB_H 1
| #define GAOL_USING_APMATHLIB 1
| #define GAOL_VERBOSE_MODE 1
| #define HAVE_VISIBILITY_OPTIONS 1
| #define GAOL_PRESERVE_ROUNDING 1
| #define GAOL_CERTAINLY_RELATIONS 1
| #define GAOL_EXCEPTIONS_ENABLED 1
| #define GAOL_USING_ASM 1
| #define IX86_LINUX 1
| #define X86_64BITS 1
| #define HAVE_NEXTAFTER 1
| #define STDC_HEADERS 1
| #define HAVE_FENV_H 1
| #define HAVE_FLOAT_H 1
| #define HAVE_STDDEF_H 1
| #define HAVE_STDLIB_H 1
| #define HAVE_STRING_H 1
| #define HAVE_SYS_TIME_H 1
| #define HAVE_UNISTD_H 1
| #define HAVE_LIMITS 1
| #define HAVE_CASSERT 1
| #define SIZEOF_INT 4
| #define SIZEOF_LONG 8
| #define SIZEOF_LONG_LONG_INT 8
| #define HAVE_ROUNDING_MATH_OPTION 1
| #define HAVE_STDLIB_H 1
| #define HAVE_MALLOC 1
| #define HAVE_STDLIB_H 1
| #define HAVE_REALLOC 1
| /* end confdefs.h.  */
| /* Define fesetround to an innocuous variant, in case <limits.h> declares fesetround.
|    For example, HP-UX 11i <limits.h> declares gettimeofday.  */
| #define fesetround innocuous_fesetround
| 
| /* System header to define __stub macros and hopefully few prototypes,
|     which can conflict with char fesetround (); below.
|     Prefer <limits.h> to <assert.h> if __STDC__ is defined, since
|     <limits.h> exists even on freestanding compilers.  */
| 
| #ifdef __STDC__
| # include <limits.h>
| #else
| # include <assert.h>
| #endif
| 
| #undef fesetround
| 
| /* Override any GCC internal prototype to avoid an error.
|    Use char because int might match the return type of a GCC
|    builtin and then its argument prototype would still apply.  */
| #ifdef __cplusplus
| extern "C"
| #endif
| char fesetround ();
| /* The GNU C library defines this for functions which it implements
|     to always fail with ENOSYS.  Some functions are actually named
|     something starting with __ and the normal name is an alias.  */
| #if defined __stub_fesetround || defined __stub___fesetround
| choke me
| #endif
| 
| int
| main ()
| {
| return fesetround ();
|   ;
|   return 0;
| }
configure:18216: result: no
configure:18216: checking for floor
configure:18216: gcc -o conftest -g -O2 -I.. -O2 -Wall -Wconversion     conftest.c  >&5
conftest.c:81:6: warning: conflicting types for built-in function 'floor'
 char floor ();
      ^~~~~
/tmp/ccbmFhUo.o: In function `main':
/home/goualard/projects/gaol-4/conftest.c:92: undefined reference to `floor'
collect2: error: ld returned 1 exit status
configure:18216: $? = 1
configure: failed program was:
| /* confdefs.h */
| #define PACKAGE_NAME "gaol"
| #define PACKAGE_TARNAME "gaol"
| #define PACKAGE_VERSION ""4.2.1""
| #define PACKAGE_STRING "gaol "4.2.1""
| #define PACKAGE_BUGREPORT "goualard@users.sourceforge.net"
| #define PACKAGE_URL ""
| #define PACKAGE "gaol"
| #define VERSION ""4.2.1""
| #define GAOL_MAJOR_VERSION 4
| #define GAOL_MINOR_VERSION 2
| #define GAOL_MICRO_VERSION 1
| #define GAOL_VERSION "4.2.1"
| #define STDC_HEADERS 1
| #define HAVE_SYS_TYPES_H 1
| #define HAVE_SYS_STAT_H 1
| #define HAVE_STDLIB_H 1
| #define HAVE_STRING_H 1
| #define HAVE_MEMORY_H 1
| #define HAVE_STRINGS_H 1
| #define HAVE_INTTYPES_H 1
| #define HAVE_STDINT_H 1
| #define HAVE_UNISTD_H 1
| #define HAVE_DLFCN_H 1
| #define LT_OBJDIR ".libs/"
| #define USING_SSE2_INSTRUCTIONS 1
| #define USING_SSE3_INSTRUCTIONS 1
| #define HAVE_MATHLIB_H 1
| #define GAOL_USING_APMATHLIB 1
| #define GAOL_VERBOSE_MODE 1
| #define HAVE_VISIBILITY_OPTIONS 1
| #define GAOL_PRESERVE_ROUNDING 1
| #define GAOL_CERTAINLY_RELATIONS 1
| #define GAOL_EXCEPTIONS_ENABLED 1
| #define GAOL_USING_ASM 1
| #define IX86_LINUX 1
| #define X86_64BITS 1
| #define HAVE_NEXTAFTER 1
| #define STDC_HEADERS 1
| #define HAVE_FENV_H 1
| #define HAVE_FLOAT_H 1
| #define HAVE_STDDEF_H 1
| #define HAVE_STDLIB_H 1
| #define HAVE_STRING_H 1
| #define HAVE_SYS_TIME_H 1
| #define HAVE_UNISTD_H 1
| #define HAVE_LIMITS 1
| #define HAVE_CASSERT 1
| #define SIZEOF_INT 4
| #define SIZEOF_LONG 8
| #define SIZEOF_LONG_LONG_INT 8
| #define HAVE_ROUNDING_MATH_OPTION 1
| #define HAVE_STDLIB_H 1
| #define HAVE_MALLOC 1
| #define HAVE_STDLIB_H 1
| #define HAVE_REALLOC 1
| /* end confdefs.h.  */
| /* Define floor to an innocuous variant, in case <limits.h> declares floor.
|    For example, HP-UX 11i <limits.h> declares gettimeofday.  */
| #define floor innocuous_floor
| 
| /* System header to define __stub macros and hopefully few prototypes,
|     which can conflict with char floor (); below.
|     Prefer <limits.h> to <assert.h> if __STDC__ is defined, since
|     <limits.h> exists even on freestanding compilers.  */
| 
| #ifdef __STDC__
| # include <limits.h>
| #else
| # include <assert.h>
| #endif
| 
| #undef floor
| 
| /* Override any GCC internal prototype to avoid an error.
|    Use char because int might match the return type of a GCC
|    builtin and then its argument prototype would still apply.  */
| #ifdef __cplusplus
| extern "C"
| #endif
| char floor ();
| /* The GNU C library defines this for functions which it implements
|     to always fail with ENOSYS.  Some functions are actually named
|     something starting with __ and the normal name is an alias.  */
| #if defined __stub_floor || defined __stub___floor
| choke me
| #endif
| 
| int
| main ()
| {
| return floor ();
|   ;
|   return 0;
| }
configure:18216: result: no
configure:18216: checking for localeconv
configure:18216: gcc -o conftest -g -O2 -I.. -O2 -Wall -Wconversion     conftest.c  >&5
configure:18216: $? = 0
configure:18216: result: yes
configure:18216: checking for memset
configure:18216: gcc -o conftest -g -O2 -I.. -O2 -Wall -Wconversion     conftest.c  >&5
conftest.c:82:6: warning: conflicting types for built-in function 'memset'
 char memset ();
      ^~~~~~
configure:18216: $? = 0
configure:18216: result: yes
configure:18216: checking for pow
configure:18216: gcc -o conftest -g -O2 -I.. -O2 -Wall -Wconversion     conftest.c  >&5
conftest.c:83:6: warning: conflicting types for built-in function 'pow'
 char pow ();
      ^~~
/tmp/ccyH5luB.o: In function `main':
/home/goualard/projects/gaol-4/conftest.c:94: undefined reference to `pow'
collect2: error: ld returned 1 exit status
configure:18216: $? = 1
configure: failed program was:
| /* confdefs.h */
| #define PACKAGE_NAME "gaol"
| #define PACKAGE_TARNAME "gaol"
| #define PACKAGE_VERSION ""4.2.1""
| #define PACKAGE_STRING "gaol "4.2.1""
| #define PACKAGE_BUGREPORT "goualard@users.sourceforge.net"
| #define PACKAGE_URL ""
| #define PACKAGE "gaol"
| #define VERSION ""4.2.1""
| #define GAOL_MAJOR_VERSION 4
| #define GAOL_MINOR_VERSION 2
| #define GAOL_MICRO_VERSION 1
| #define GAOL_VERSION "4.2.1"
| #define STDC_HEADERS 1
| #define HAVE_SYS_TYPES_H 1
| #define HAVE_SYS_STAT_H 1
| #define HAVE_STDLIB_H 1
| #define HAVE_STRING_H 1
| #define HAVE_MEMORY_H 1
| #define HAVE_STRINGS_H 1
| #define HAVE_INTTYPES_H 1
| #define HAVE_STDINT_H 1
| #define HAVE_UNISTD_H 1
| #define HAVE_DLFCN_H 1
| #define LT_OBJDIR ".libs/"
| #define USING_SSE2_INSTRUCTIONS 1
| #define USING_SSE3_INSTRUCTIONS 1
| #define HAVE_MATHLIB_H 1
| #define GAOL_USING_APMATHLIB 1
| #define GAOL_VERBOSE_MODE 1
| #define HAVE_VISIBILITY_OPTIONS 1
| #define GAOL_PRESERVE_ROUNDING 1
| #define GAOL_CERTAINLY_RELATIONS 1
| #define GAOL_EXCEPTIONS_ENABLED 1
| #define GAOL_USING_ASM 1
| #define IX86_LINUX 1
| #define X86_64BITS 1
| #define HAVE_NEXTAFTER 1
| #define STDC_HEADERS 1
| #define HAVE_FENV_H 1
| #define HAVE_FLOAT_H 1
| #define HAVE_STDDEF_H 1
| #define HAVE_STDLIB_H 1
| #define HAVE_STRING_H 1
| #define HAVE_SYS_TIME_H 1
| #define HAVE_UNISTD_H 1
| #define HAVE_LIMITS 1
| #define HAVE_CASSERT 1
| #define SIZEOF_INT 4
| #define SIZEOF_LONG 8
| #define SIZEOF_LONG_LONG_INT 8
| #define HAVE_ROUNDING_MATH_OPTION 1
| #define HAVE_STDLIB_H 1
| #define HAVE_MALLOC 1
| #define HAVE_STDLIB_H 1
| #define HAVE_REALLOC 1
| #define HAVE_LOCALECONV 1
| #define HAVE_MEMSET 1
| /* end confdefs.h.  */
| /* Define pow to an innocuous variant, in case <limits.h> declares pow.
|    For example, HP-UX 11i <limits.h> declares gettimeofday.  */
| #define pow innocuous_pow
| 
| /* System header to define __stub macros and hopefully few prototypes,
|     which can conflict with char pow (); below.
|     Prefer <limits.h> to <assert.h> if __STDC__ is defined, since
|     <limits.h> exists even on freestanding compilers.  */
| 
| #ifdef __STDC__
| # include <limits.h>
| #else
| # include <assert.h>
| #endif
| 
| #undef pow
| 
| /* Override any GCC internal prototype to avoid an error.
|    Use char because int might match the return type of a GCC
|    builtin and then its argument prototype would still apply.  */
| #ifdef __cplusplus
| extern "C"
| #endif
| char pow ();
| /* The GNU C library defines this for functions which it implements
|     to always fail with ENOSYS.  Some functions are actually named
|     something starting with __ and the normal name is an alias.  */
| #if defined __stub_pow || defined __stub___pow
| choke me
| #endif
| 
| int
| main ()
| {
| return pow ();
|   ;
|   return 0;
| }
configure:18216: result: no
configure:18216: checking for sqrt
configure:18216: gcc -o conftest -g -O2 -I.. -O2 -Wall -Wconversion     conftest.c  >&5
conftest.c:83:6: warning: conflicting types for built-in function 'sqrt'
 char sqrt ();
      ^~~~
/tmp/ccrbeIaD.o: In function `main':
/home/goualard/projects/gaol-4/conftest.c:94: undefined reference to `sqrt'
collect2: error: ld returned 1 exit status
configure:18216: $? = 1
configure: failed program was:
| /* confdefs.h */
| #define PACKAGE_NAME "gaol"
| #define PACKAGE_TARNAME "gaol"
| #define PACKAGE_VERSION ""4.2.1""
| #define PACKAGE_STRING "gaol "4.2.1""
| #define PACKAGE_BUGREPORT "goualard@users.sourceforge.net"
| #define PACKAGE_URL ""
| #define PACKAGE "gaol"
| #define VERSION ""4.2.1""
| #define GAOL_MAJOR_VERSION 4
| #define GAOL_MINOR_VERSION 2
| #define GAOL_MICRO_VERSION 1
| #define GAOL_VERSION "4.2.1"
| #define STDC_HEADERS 1
| #define HAVE_SYS_TYPES_H 1
| #define HAVE_SYS_STAT_H 1
| #define HAVE_STDLIB_H 1
| #define HAVE_STRING_H 1
| #define HAVE_MEMORY_H 1
| #define HAVE_STRINGS_H 1
| #define HAVE_INTTYPES_H 1
| #define HAVE_STDINT_H 1
| #define HAVE_UNISTD_H 1
| #define HAVE_DLFCN_H 1
| #define LT_OBJDIR ".libs/"
| #define USING_SSE2_INSTRUCTIONS 1
| #define USING_SSE3_INSTRUCTIONS 1
| #define HAVE_MATHLIB_H 1
| #define GAOL_USING_APMATHLIB 1
| #define GAOL_VERBOSE_MODE 1
| #define HAVE_VISIBILITY_OPTIONS 1
| #define GAOL_PRESERVE_ROUNDING 1
| #define GAOL_CERTAINLY_RELATIONS 1
| #define GAOL_EXCEPTIONS_ENABLED 1
| #define GAOL_USING_ASM 1
| #define IX86_LINUX 1
| #define X86_64BITS 1
| #define HAVE_NEXTAFTER 1
| #define STDC_HEADERS 1
| #define HAVE_FENV_H 1
| #define HAVE_FLOAT_H 1
| #define HAVE_STDDEF_H 1
| #define HAVE_STDLIB_H 1
| #define HAVE_STRING_H 1
| #define HAVE_SYS_TIME_H 1
| #define HAVE_UNISTD_H 1
| #define HAVE_LIMITS 1
| #define HAVE_CASSERT 1
| #define SIZEOF_INT 4
| #define SIZEOF_LONG 8
| #define SIZEOF_LONG_LONG_INT 8
| #define HAVE_ROUNDING_MATH_OPTION 1
| #define HAVE_STDLIB_H 1
| #define HAVE_MALLOC 1
| #define HAVE_STDLIB_H 1
| #define HAVE_REALLOC 1
| #define HAVE_LOCALECONV 1
| #define HAVE_MEMSET 1
| /* end confdefs.h.  */
| /* Define sqrt to an innocuous variant, in case <limits.h> declares sqrt.
|    For example, HP-UX 11i <limits.h> declares gettimeofday.  */
| #define sqrt innocuous_sqrt
| 
| /* System header to define __stub macros and hopefully few prototypes,
|     which can conflict with char sqrt (); below.
|     Prefer <limits.h> to <assert.h> if __STDC__ is defined, since
|     <limits.h> exists even on freestanding compilers.  */
| 
| #ifdef __STDC__
| # include <limits.h>
| #else
| # include <assert.h>
| #endif
| 
| #undef sqrt
| 
| /* Override any GCC internal prototype to avoid an error.
|    Use char because int might match the return type of a GCC
|    builtin and then its argument prototype would still apply.  */
| #ifdef __cplusplus
| extern "C"
| #endif
| char sqrt ();
| /* The GNU C library defines this for functions which it implements
|     to always fail with ENOSYS.  Some functions are actually named
|     something starting with __ and the normal name is an alias.  */
| #if defined __stub_sqrt || defined __stub___sqrt
| choke me
| #endif
| 
| int
| main ()
| {
| return sqrt ();
|   ;
|   return 0;
| }
configure:18216: result: no
configure:18228: checking for getrusage
configure:18228: gcc -o conftest -g -O2 -I.. -O2 -Wall -Wconversion     conftest.c  >&5
configure:18228: $? = 0
configure:18228: result: yes
configure:18228: checking for clock
configure:18228: gcc -o conftest -g -O2 -I.. -O2 -Wall -Wconversion     conftest.c  >&5
configure:18228: $? = 0
configure:18228: result: yes
configure:18228: checking for __signbit
configure:18228: gcc -o conftest -g -O2 -I.. -O2 -Wall -Wconversion     conftest.c  >&5
configure:18228: $? = 0
configure:18228: result: yes
configure:18228: checking for round
configure:18228: gcc -o conftest -g -O2 -I.. -O2 -Wall -Wconversion     conftest.c  >&5
conftest.c:86:6: warning: conflicting types for built-in function 'round'
 char round ();
      ^~~~~
/tmp/ccixdSVS.o: In function `main':
/home/goualard/projects/gaol-4/conftest.c:97: undefined reference to `round'
collect2: error: ld returned 1 exit status
configure:18228: $? = 1
configure: failed program was:
| /* confdefs.h */
| #define PACKAGE_NAME "gaol"
| #define PACKAGE_TARNAME "gaol"
| #define PACKAGE_VERSION ""4.2.1""
| #define PACKAGE_STRING "gaol "4.2.1""
| #define PACKAGE_BUGREPORT "goualard@users.sourceforge.net"
| #define PACKAGE_URL ""
| #define PACKAGE "gaol"
| #define VERSION ""4.2.1""
| #define GAOL_MAJOR_VERSION 4
| #define GAOL_MINOR_VERSION 2
| #define GAOL_MICRO_VERSION 1
| #define GAOL_VERSION "4.2.1"
| #define STDC_HEADERS 1
| #define HAVE_SYS_TYPES_H 1
| #define HAVE_SYS_STAT_H 1
| #define HAVE_STDLIB_H 1
| #define HAVE_STRING_H 1
| #define HAVE_MEMORY_H 1
| #define HAVE_STRINGS_H 1
| #define HAVE_INTTYPES_H 1
| #define HAVE_STDINT_H 1
| #define HAVE_UNISTD_H 1
| #define HAVE_DLFCN_H 1
| #define LT_OBJDIR ".libs/"
| #define USING_SSE2_INSTRUCTIONS 1
| #define USING_SSE3_INSTRUCTIONS 1
| #define HAVE_MATHLIB_H 1
| #define GAOL_USING_APMATHLIB 1
| #define GAOL_VERBOSE_MODE 1
| #define HAVE_VISIBILITY_OPTIONS 1
| #define GAOL_PRESERVE_ROUNDING 1
| #define GAOL_CERTAINLY_RELATIONS 1
| #define GAOL_EXCEPTIONS_ENABLED 1
| #define GAOL_USING_ASM 1
| #define IX86_LINUX 1
| #define X86_64BITS 1
| #define HAVE_NEXTAFTER 1
| #define STDC_HEADERS 1
| #define HAVE_FENV_H 1
| #define HAVE_FLOAT_H 1
| #define HAVE_STDDEF_H 1
| #define HAVE_STDLIB_H 1
| #define HAVE_STRING_H 1
| #define HAVE_SYS_TIME_H 1
| #define HAVE_UNISTD_H 1
| #define HAVE_LIMITS 1
| #define HAVE_CASSERT 1
| #define SIZEOF_INT 4
| #define SIZEOF_LONG 8
| #define SIZEOF_LONG_LONG_INT 8
| #define HAVE_ROUNDING_MATH_OPTION 1
| #define HAVE_STDLIB_H 1
| #define HAVE_MALLOC 1
| #define HAVE_STDLIB_H 1
| #define HAVE_REALLOC 1
| #define HAVE_LOCALECONV 1
| #define HAVE_MEMSET 1
| #define HAVE_GETRUSAGE 1
| #define HAVE_CLOCK 1
| #define HAVE___SIGNBIT 1
| /* end confdefs.h.  */
| /* Define round to an innocuous variant, in case <limits.h> declares round.
|    For example, HP-UX 11i <limits.h> declares gettimeofday.  */
| #define round innocuous_round
| 
| /* System header to define __stub macros and hopefully few prototypes,
|     which can conflict with char round (); below.
|     Prefer <limits.h> to <assert.h> if __STDC__ is defined, since
|     <limits.h> exists even on freestanding compilers.  */
| 
| #ifdef __STDC__
| # include <limits.h>
| #else
| # include <assert.h>
| #endif
| 
| #undef round
| 
| /* Override any GCC internal prototype to avoid an error.
|    Use char because int might match the return type of a GCC
|    builtin and then its argument prototype would still apply.  */
| #ifdef __cplusplus
| extern "C"
| #endif
| char round ();
| /* The GNU C library defines this for functions which it implements
|     to always fail with ENOSYS.  Some functions are actually named
|     something starting with __ and the normal name is an alias.  */
| #if defined __stub_round || defined __stub___round
| choke me
| #endif
| 
| int
| main ()
| {
| return round ();
|   ;
|   return 0;
| }
configure:18228: result: no
configure:18228: checking for rint
configure:18228: gcc -o conftest -g -O2 -I.. -O2 -Wall -Wconversion     conftest.c  >&5
conftest.c:86:6: warning: conflicting types for built-in function 'rint'
 char rint ();
      ^~~~
/tmp/ccE9qBlU.o: In function `main':
/home/goualard/projects/gaol-4/conftest.c:97: undefined reference to `rint'
collect2: error: ld returned 1 exit status
configure:18228: $? = 1
configure: failed program was:
| /* confdefs.h */
| #define PACKAGE_NAME "gaol"
| #define PACKAGE_TARNAME "gaol"
| #define PACKAGE_VERSION ""4.2.1""
| #define PACKAGE_STRING "gaol "4.2.1""
| #define PACKAGE_BUGREPORT "goualard@users.sourceforge.net"
| #define PACKAGE_URL ""
| #define PACKAGE "gaol"
| #define VERSION ""4.2.1""
| #define GAOL_MAJOR_VERSION 4
| #define GAOL_MINOR_VERSION 2
| #define GAOL_MICRO_VERSION 1
| #define GAOL_VERSION "4.2.1"
| #define STDC_HEADERS 1
| #define HAVE_SYS_TYPES_H 1
| #define HAVE_SYS_STAT_H 1
| #define HAVE_STDLIB_H 1
| #define HAVE_STRING_H 1
| #define HAVE_MEMORY_H 1
| #define HAVE_STRINGS_H 1
| #define HAVE_INTTYPES_H 1
| #define HAVE_STDINT_H 1
| #define HAVE_UNISTD_H 1
| #define HAVE_DLFCN_H 1
| #define LT_OBJDIR ".libs/"
| #define USING_SSE2_INSTRUCTIONS 1
| #define USING_SSE3_INSTRUCTIONS 1
| #define HAVE_MATHLIB_H 1
| #define GAOL_USING_APMATHLIB 1
| #define GAOL_VERBOSE_MODE 1
| #define HAVE_VISIBILITY_OPTIONS 1
| #define GAOL_PRESERVE_ROUNDING 1
| #define GAOL_CERTAINLY_RELATIONS 1
| #define GAOL_EXCEPTIONS_ENABLED 1
| #define GAOL_USING_ASM 1
| #define IX86_LINUX 1
| #define X86_64BITS 1
| #define HAVE_NEXTAFTER 1
| #define STDC_HEADERS 1
| #define HAVE_FENV_H 1
| #define HAVE_FLOAT_H 1
| #define HAVE_STDDEF_H 1
| #define HAVE_STDLIB_H 1
| #define HAVE_STRING_H 1
| #define HAVE_SYS_TIME_H 1
| #define HAVE_UNISTD_H 1
| #define HAVE_LIMITS 1
| #define HAVE_CASSERT 1
| #define SIZEOF_INT 4
| #define SIZEOF_LONG 8
| #define SIZEOF_LONG_LONG_INT 8
| #define HAVE_ROUNDING_MATH_OPTION 1
| #define HAVE_STDLIB_H 1
| #define HAVE_MALLOC 1
| #define HAVE_STDLIB_H 1
| #define HAVE_REALLOC 1
| #define HAVE_LOCALECONV 1
| #define HAVE_MEMSET 1
| #define HAVE_GETRUSAGE 1
| #define HAVE_CLOCK 1
| #define HAVE___SIGNBIT 1
| /* end confdefs.h.  */
| /* Define rint to an innocuous variant, in case <limits.h> declares rint.
|    For example, HP-UX 11i <limits.h> declares gettimeofday.  */
| #define rint innocuous_rint
| 
| /* System header to define __stub macros and hopefully few prototypes,
|     which can conflict with char rint (); below.
|     Prefer <limits.h> to <assert.h> if __STDC__ is defined, since
|     <limits.h> exists even on freestanding compilers.  */
| 
| #ifdef __STDC__
| # include <limits.h>
| #else
| # include <assert.h>
| #endif
| 
| #undef rint
| 
| /* Override any GCC internal prototype to avoid an error.
|    Use char because int might match the return type of a GCC
|    builtin and then its argument prototype would still apply.  */
| #ifdef __cplusplus
| extern "C"
| #endif
| char rint ();
| /* The GNU C library defines this for functions which it implements
|     to always fail with ENOSYS.  Some functions are actually named
|     something starting with __ and the normal name is an alias.  */
| #if defined __stub_rint || defined __stub___rint
| choke me
| #endif
| 
| int
| main ()
| {
| return rint ();
|   ;
|   return 0;
| }
configure:18228: result: no
configure:18228: checking for finite
configure:18228: gcc -o conftest -g -O2 -I.. -O2 -Wall -Wconversion     conftest.c  >&5
conftest.c:86:6: warning: conflicting types for built-in function 'finite'
 char finite ();
      ^~~~~~
configure:18228: $? = 0
configure:18228: result: yes
configure:18241: checking sys/resource.h usability
configure:18241: gcc -c -g -O2 -I.. -O2 -Wall -Wconversion   conftest.c >&5
configure:18241: $? = 0
configure:18241: result: yes
configure:18241: checking sys/resource.h presence
configure:18241: gcc -E   conftest.c
configure:18241: $? = 0
configure:18241: result: yes
configure:18241: checking for sys/resource.h
configure:18241: result: yes
configure:18428: checking that generated files are newer than configure
configure:18434: result: done
configure:18518: creating ./config.status

## ---------------------- ##
## Running config.status. ##
## ---------------------- ##

This file was extended by gaol config.status 4.2.1, which was
generated by GNU Autoconf 2.69.  Invocation command line was

  CONFIG_FILES    = 
  CONFIG_HEADERS  = 
  CONFIG_LINKS    = 
  CONFIG_COMMANDS = 
  $ ./config.status 

on prot-goualard

config.status:1232: creating Makefile
config.status:1232: creating gdtoa/Makefile
config.status:1232: creating gdtoa/test/Makefile
config.status:1232: creating check/Makefile
config.status:1232: creating doc/gaol_doxygen.cfg
config.status:1232: creating doc/Makefile
config.status:1232: creating doc/gaol_version.tex
config.status:1232: creating gaol.spec
config.status:1232: creating gaol/Makefile
config.status:1232: creating examples/Makefile
config.status:1232: creating gaol/gaol_configuration.h
config.status:1473: linking gaol/gaol_double_op_apmathlib.h to gaol/gaol_double_op.h
config.status:1492: executing depfiles commands
config.status:1492: executing libtool commands

## ---------------- ##
## Cache variables. ##
## ---------------- ##

ac_cv_build=x86_64-unknown-linux-gnu
ac_cv_c_bigendian=no
ac_cv_c_compiler_gnu=yes
ac_cv_c_const=yes
ac_cv_c_inline=inline
ac_cv_cxx_compiler_gnu=yes
ac_cv_env_CCC_set=
ac_cv_env_CCC_value=
ac_cv_env_CC_set=
ac_cv_env_CC_value=
ac_cv_env_CFLAGS_set=
ac_cv_env_CFLAGS_value=
ac_cv_env_CPPFLAGS_set=
ac_cv_env_CPPFLAGS_value=
ac_cv_env_CPP_set=
ac_cv_env_CPP_value=
ac_cv_env_CXXCPP_set=
ac_cv_env_CXXCPP_value=
ac_cv_env_CXXFLAGS_set=
ac_cv_env_CXXFLAGS_value=
ac_cv_env_CXX_set=
ac_cv_env_CXX_value=
ac_cv_env_LDFLAGS_set=
ac_cv_env_LDFLAGS_value=
ac_cv_env_LIBS_set=
ac_cv_env_LIBS_value=
ac_cv_env_YACC_set=
ac_cv_env_YACC_value=
ac_cv_env_YFLAGS_set=
ac_cv_env_YFLAGS_value=
ac_cv_env_build_alias_set=
ac_cv_env_build_alias_value=
ac_cv_env_host_alias_set=
ac_cv_env_host_alias_value=
ac_cv_env_target_alias_set=
ac_cv_env_target_alias_value=
ac_cv_func___signbit=yes
ac_cv_func_clock=yes
ac_cv_func_dlopen=no
ac_cv_func_fesetround=no
ac_cv_func_finite=yes
ac_cv_func_floor=no
ac_cv_func_getrusage=yes
ac_cv_func_localeconv=yes
ac_cv_func_malloc_0_nonnull=yes
ac_cv_func_memset=yes
ac_cv_func_pow=no
ac_cv_func_realloc_0_nonnull=yes
ac_cv_func_rint=no
ac_cv_func_round=no
ac_cv_func_shl_load=no
ac_cv_func_sqrt=no
ac_cv_header_MathLib_h=yes
ac_cv_header_cassert=yes
ac_cv_header_cppunit_ui_text_TestRunner_h=no
ac_cv_header_dlfcn_h=yes
ac_cv_header_fenv_h=yes
ac_cv_header_float_h=yes
ac_cv_header_inttypes_h=yes
ac_cv_header_limits=yes
ac_cv_header_memory_h=yes
ac_cv_header_stdbool_h=no
ac_cv_header_stdc=yes
ac_cv_header_stddef_h=yes
ac_cv_header_stdint_h=yes
ac_cv_header_stdlib_h=yes
ac_cv_header_string_h=yes
ac_cv_header_strings_h=yes
ac_cv_header_sys_resource_h=yes
ac_cv_header_sys_stat_h=yes
ac_cv_header_sys_time_h=yes
ac_cv_header_sys_types_h=yes
ac_cv_header_unistd_h=yes
ac_cv_host=x86_64-unknown-linux-gnu
ac_cv_lib_dl_dlopen=yes
ac_cv_lib_dld_shl_load=no
ac_cv_lib_m_nextafter=yes
ac_cv_lib_ultim_utan=yes
ac_cv_objext=o
ac_cv_path_EGREP='/bin/grep -E'
ac_cv_path_FGREP='/bin/grep -F'
ac_cv_path_GREP=/bin/grep
ac_cv_path_SED=/bin/sed
ac_cv_path_install='/usr/bin/install -c'
ac_cv_path_mkdir=/bin/mkdir
ac_cv_prog_AWK=gawk
ac_cv_prog_BIBTEX=bibtex
ac_cv_prog_CPP='gcc -E'
ac_cv_prog_CXXCPP='g++ -E'
ac_cv_prog_DOT=dot
ac_cv_prog_DOXYGEN=no
ac_cv_prog_MAKEINDEX=makeindex
ac_cv_prog_PDFLATEX=pdflatex
ac_cv_prog_YACC='bison -y'
ac_cv_prog_ac_ct_AR=ar
ac_cv_prog_ac_ct_CC=gcc
ac_cv_prog_ac_ct_CXX=g++
ac_cv_prog_ac_ct_MANIFEST_TOOL=mt
ac_cv_prog_ac_ct_OBJDUMP=objdump
ac_cv_prog_ac_ct_RANLIB=ranlib
ac_cv_prog_ac_ct_STRIP=strip
ac_cv_prog_cc_c89=
ac_cv_prog_cc_g=yes
ac_cv_prog_cxx_g=yes
ac_cv_prog_make_make_set=yes
ac_cv_sizeof_int=4
ac_cv_sizeof_long=8
ac_cv_sizeof_long_long_int=8
ac_cv_type__Bool=no
ac_cv_type_size_t=yes
am_cv_CC_dependencies_compiler_type=gcc3
am_cv_CXX_dependencies_compiler_type=gcc3
am_cv_make_support_nested_variables=yes
am_cv_prog_cc_c_o=yes
lt_cv_ar_at_file=@
lt_cv_archive_cmds_need_lc=no
lt_cv_deplibs_check_method=pass_all
lt_cv_dlopen=dlopen
lt_cv_dlopen_libs=-ldl
lt_cv_dlopen_self=yes
lt_cv_dlopen_self_static=no
lt_cv_file_magic_cmd='$MAGIC_CMD'
lt_cv_file_magic_test_file=
lt_cv_ld_reload_flag=-r
lt_cv_nm_interface='BSD nm'
lt_cv_objdir=.libs
lt_cv_path_LD=/usr/bin/ld
lt_cv_path_LDCXX='/usr/bin/ld -m elf_x86_64'
lt_cv_path_NM='/usr/bin/nm -B'
lt_cv_path_mainfest_tool=no
lt_cv_prog_compiler_c_o=yes
lt_cv_prog_compiler_c_o_CXX=yes
lt_cv_prog_compiler_pic='-fPIC -DPIC'
lt_cv_prog_compiler_pic_CXX='-fPIC -DPIC'
lt_cv_prog_compiler_pic_works=yes
lt_cv_prog_compiler_pic_works_CXX=yes
lt_cv_prog_compiler_rtti_exceptions=no
lt_cv_prog_compiler_static_works=yes
lt_cv_prog_compiler_static_works_CXX=yes
lt_cv_prog_gnu_ld=yes
lt_cv_prog_gnu_ldcxx=yes
lt_cv_sharedlib_from_linklib_cmd='printf %s\n'
lt_cv_shlibpath_overrides_runpath=no
lt_cv_sys_global_symbol_pipe='sed -n -e '\''s/^.*[	 ]\([ABCDGIRSTW][ABCDGIRSTW]*\)[	 ][	 ]*\([_A-Za-z][_A-Za-z0-9]*\)$/\1 \2 \2/p'\'' | sed '\''/ __gnu_lto/d'\'''
lt_cv_sys_global_symbol_to_c_name_address='sed -n -e '\''s/^: \([^ ]*\)[ ]*$/  {\"\1\", (void *) 0},/p'\'' -e '\''s/^[ABCDGIRSTW]* \([^ ]*\) \([^ ]*\)$/  {"\2", (void *) \&\2},/p'\'''
lt_cv_sys_global_symbol_to_c_name_address_lib_prefix='sed -n -e '\''s/^: \([^ ]*\)[ ]*$/  {\"\1\", (void *) 0},/p'\'' -e '\''s/^[ABCDGIRSTW]* \([^ ]*\) \(lib[^ ]*\)$/  {"\2", (void *) \&\2},/p'\'' -e '\''s/^[ABCDGIRSTW]* \([^ ]*\) \([^ ]*\)$/  {"lib\2", (void *) \&\2},/p'\'''
lt_cv_sys_global_symbol_to_cdecl='sed -n -e '\''s/^T .* \(.*\)$/extern int \1();/p'\'' -e '\''s/^[ABCDGIRSTW]* .* \(.*\)$/extern char \1;/p'\'''
lt_cv_sys_max_cmd_len=1572864
lt_cv_to_host_file_cmd=func_convert_file_noop
lt_cv_to_tool_file_cmd=func_convert_file_noop

## ----------------- ##
## Output variables. ##
## ----------------- ##

ACLOCAL='${SHELL} /home/goualard/projects/gaol-4/missing aclocal-1.15'
AMDEPBACKSLASH='\'
AMDEP_FALSE='#'
AMDEP_TRUE=''
AMTAR='$${TAR-tar}'
AM_BACKSLASH='\'
AM_DEFAULT_V='$(AM_DEFAULT_VERBOSITY)'
AM_DEFAULT_VERBOSITY='1'
AM_V='$(V)'
AR='ar'
AUTOCONF='${SHELL} /home/goualard/projects/gaol-4/missing autoconf'
AUTOHEADER='${SHELL} /home/goualard/projects/gaol-4/missing autoheader'
AUTOMAKE='${SHELL} /home/goualard/projects/gaol-4/missing automake-1.15'
AWK='gawk'
BIBTEX='bibtex'
CC='gcc'
CCDEPMODE='depmode=gcc3'
CFLAGS='-g -O2 -I.. -O2 -Wall -Wconversion'
COMPILE_INTERVAL2_FALSE='#'
COMPILE_INTERVAL2_TRUE=''
CPP='gcc -E'
CPPFLAGS=' '
CPPUNIT_COND_FALSE=''
CPPUNIT_COND_TRUE='#'
CXX='g++'
CXXCPP='g++ -E'
CXXDEPMODE='depmode=gcc3'
CXXFLAGS=' -I.. -msse2 -msse3  -O3 -funroll-loops -fomit-frame-pointer -fexpensive-optimizations -fvisibility-inlines-hidden -fvisibility=hidden -Wall -Wconversion  -frounding-math'
CYGPATH_W='echo'
DEFS='-DHAVE_CONFIG_H'
DEPDIR='.deps'
DLLTOOL='false'
DOT='dot'
DOXYGEN='no'
DOXYGEN_FALSE=''
DOXYGEN_TRUE='#'
DSYMUTIL=''
DUMPBIN=''
ECHO_C=''
ECHO_N='-n'
ECHO_T=''
EGREP='/bin/grep -E'
EXEEXT=''
FGREP='/bin/grep -F'
GAOL_EDITION='4.4'
GAOL_RPM_RELEASE='1'
GAOL_UPDATED='21 May 2015'
GAOL_VERSION='4.2.1'
GREP='/bin/grep'
INSTALL_DATA='${INSTALL} -m 644'
INSTALL_PROGRAM='${INSTALL}'
INSTALL_SCRIPT='${INSTALL}'
INSTALL_STRIP_PROGRAM='$(install_sh) -c -s'
IS_CYGWIN_COND_FALSE=''
IS_CYGWIN_COND_TRUE='#'
LD='/usr/bin/ld -m elf_x86_64'
LDFLAGS=' '
LIBOBJS=''
LIBS=''
LIBTOOL='$(SHELL) $(top_builddir)/libtool'
LIPO=''
LN_S='ln -s'
LTLIBOBJS=''
LT_RELEASE='4.2'
LT_VERSION_INFO='1:0:0'
MAINT='#'
MAINTAINER_MODE_FALSE=''
MAINTAINER_MODE_TRUE='#'
MAKEINDEX='makeindex'
MAKEINFO='${SHELL} /home/goualard/projects/gaol-4/missing makeinfo'
MANIFEST_TOOL=':'
MATHLIB='-lultim'
MKDIR_P='/bin/mkdir -p'
NM='/usr/bin/nm -B'
NMEDIT=''
OBJDUMP='objdump'
OBJEXT='o'
OTOOL64=''
OTOOL=''
PACKAGE='gaol'
PACKAGE_BUGREPORT='goualard@users.sourceforge.net'
PACKAGE_NAME='gaol'
PACKAGE_STRING='gaol "4.2.1"'
PACKAGE_TARNAME='gaol'
PACKAGE_URL=''
PACKAGE_VERSION='"4.2.1"'
PATH_SEPARATOR=':'
PDFLATEX='pdflatex'
PDF_TO_LATEX_FALSE='#'
PDF_TO_LATEX_TRUE=''
RANLIB='ranlib'
SED='/bin/sed'
SET_MAKE=''
SHELL='/bin/bash'
SIMD_COND_FALSE='#'
SIMD_COND_TRUE=''
STRIP='strip'
VERSION='"4.2.1"'
YACC='bison -y'
YFLAGS=''
ac_ct_AR='ar'
ac_ct_CC='gcc'
ac_ct_CXX='g++'
ac_ct_DUMPBIN=''
am__EXEEXT_FALSE=''
am__EXEEXT_TRUE='#'
am__fastdepCC_FALSE='#'
am__fastdepCC_TRUE=''
am__fastdepCXX_FALSE='#'
am__fastdepCXX_TRUE=''
am__include='include'
am__isrc=''
am__leading_dot='.'
am__nodep='_no'
am__quote=''
am__tar='$${TAR-tar} chof - "$$tardir"'
am__untar='$${TAR-tar} xf -'
bindir='${exec_prefix}/bin'
build='x86_64-unknown-linux-gnu'
build_alias=''
build_cpu='x86_64'
build_os='linux-gnu'
build_vendor='unknown'
datadir='${datarootdir}'
datarootdir='${prefix}/share'
docdir='${datarootdir}/doc/${PACKAGE_TARNAME}'
dvidir='${docdir}'
exec_prefix='${prefix}'
host='x86_64-unknown-linux-gnu'
host_alias=''
host_cpu='x86_64'
host_os='linux-gnu'
host_vendor='unknown'
htmldir='${docdir}'
includedir='${prefix}/include'
infodir='${datarootdir}/info'
install_sh='${SHELL} /home/goualard/projects/gaol-4/install-sh'
libdir='${exec_prefix}/lib'
libexecdir='${exec_prefix}/libexec'
localedir='${datarootdir}/locale'
localstatedir='${prefix}/var'
mandir='${datarootdir}/man'
mkdir_p='$(MKDIR_P)'
oldincludedir='/usr/include'
pdfdir='${docdir}'
prefix='/usr/local'
program_transform_name='s,x,x,'
psdir='${docdir}'
runstatedir='${localstatedir}/run'
sbindir='${exec_prefix}/sbin'
sharedstatedir='${prefix}/com'
sysconfdir='${prefix}/etc'
target_alias=''

## ----------- ##
## confdefs.h. ##
## ----------- ##

/* confdefs.h */
#define PACKAGE_NAME "gaol"
#define PACKAGE_TARNAME "gaol"
#define PACKAGE_VERSION ""4.2.1""
#define PACKAGE_STRING "gaol "4.2.1""
#define PACKAGE_BUGREPORT "goualard@users.sourceforge.net"
#define PACKAGE_URL ""
#define PACKAGE "gaol"
#define VERSION ""4.2.1""
#define GAOL_MAJOR_VERSION 4
#define GAOL_MINOR_VERSION 2
#define GAOL_MICRO_VERSION 1
#define GAOL_VERSION "4.2.1"
#define STDC_HEADERS 1
#define HAVE_SYS_TYPES_H 1
#define HAVE_SYS_STAT_H 1
#define HAVE_STDLIB_H 1
#define HAVE_STRING_H 1
#define HAVE_MEMORY_H 1
#define HAVE_STRINGS_H 1
#define HAVE_INTTYPES_H 1
#define HAVE_STDINT_H 1
#define HAVE_UNISTD_H 1
#define HAVE_DLFCN_H 1
#define LT_OBJDIR ".libs/"
#define USING_SSE2_INSTRUCTIONS 1
#define USING_SSE3_INSTRUCTIONS 1
#define HAVE_MATHLIB_H 1
#define GAOL_USING_APMATHLIB 1
#define GAOL_VERBOSE_MODE 1
#define HAVE_VISIBILITY_OPTIONS 1
#define GAOL_PRESERVE_ROUNDING 1
#define GAOL_CERTAINLY_RELATIONS 1
#define GAOL_EXCEPTIONS_ENABLED 1
#define GAOL_USING_ASM 1
#define IX86_LINUX 1
#define X86_64BITS 1
#define HAVE_NEXTAFTER 1
#define STDC_HEADERS 1
#define HAVE_FENV_H 1
#define HAVE_FLOAT_H 1
#define HAVE_STDDEF_H 1
#define HAVE_STDLIB_H 1
#define HAVE_STRING_H 1
#define HAVE_SYS_TIME_H 1
#define HAVE_UNISTD_H 1
#define HAVE_LIMITS 1
#define HAVE_CASSERT 1
#define SIZEOF_INT 4
#define SIZEOF_LONG 8
#define SIZEOF_LONG_LONG_INT 8
#define HAVE_ROUNDING_MATH_OPTION 1
#define HAVE_STDLIB_H 1
#define HAVE_MALLOC 1
#define HAVE_STDLIB_H 1
#define HAVE_REALLOC 1
#define HAVE_LOCALECONV 1
#define HAVE_MEMSET 1
#define HAVE_GETRUSAGE 1
#define HAVE_CLOCK 1
#define HAVE___SIGNBIT 1
#define HAVE_FINITE 1
#define HAVE_SYS_RESOURCE_H 1
#define GETRUSAGE_IN_HEADER 1

configure: exit 0
